<?xml version="1.0" encoding="UTF-8"?>
<coverage generated="1754563192516" clover="3.2.0">
  <project timestamp="1754563192517" name="All files">
    <metrics statements="374" coveredstatements="315" conditionals="162" coveredconditionals="109" methods="102" coveredmethods="90" elements="638" coveredelements="514" complexity="0" loc="374" ncloc="374" packages="3" files="7" classes="7"/>
    <package name="domain">
      <metrics statements="56" coveredstatements="55" conditionals="12" coveredconditionals="12" methods="26" coveredmethods="25"/>
      <file name="rfc-domain-model.ts" path="/Users/antontcholakov/Projects/rfc-master/src/domain/rfc-domain-model.ts">
        <metrics statements="32" coveredstatements="31" conditionals="2" coveredconditionals="2" methods="21" coveredmethods="20"/>
        <line num="2" count="1" type="stmt"/>
        <line num="3" count="1" type="stmt"/>
        <line num="4" count="1" type="stmt"/>
        <line num="5" count="1" type="stmt"/>
        <line num="6" count="1" type="stmt"/>
        <line num="23" count="1" type="stmt"/>
        <line num="31" count="32" type="cond" truecount="2" falsecount="0"/>
        <line num="32" count="32" type="stmt"/>
        <line num="33" count="32" type="stmt"/>
        <line num="34" count="32" type="stmt"/>
        <line num="35" count="32" type="stmt"/>
        <line num="39" count="29" type="stmt"/>
        <line num="48" count="5" type="stmt"/>
        <line num="52" count="3" type="stmt"/>
        <line num="56" count="1" type="stmt"/>
        <line num="60" count="3" type="stmt"/>
        <line num="64" count="15" type="stmt"/>
        <line num="68" count="3" type="stmt"/>
        <line num="72" count="3" type="stmt"/>
        <line num="76" count="1" type="stmt"/>
        <line num="80" count="3" type="stmt"/>
        <line num="84" count="2" type="stmt"/>
        <line num="88" count="7" type="stmt"/>
        <line num="92" count="5" type="stmt"/>
        <line num="96" count="2" type="stmt"/>
        <line num="100" count="2" type="stmt"/>
        <line num="104" count="4" type="stmt"/>
        <line num="108" count="2" type="stmt"/>
        <line num="112" count="100" type="stmt"/>
        <line num="116" count="0" type="stmt"/>
        <line num="120" count="1" type="stmt"/>
        <line num="124" count="1" type="stmt"/>
      </file>
      <file name="types.ts" path="/Users/antontcholakov/Projects/rfc-master/src/domain/types.ts">
        <metrics statements="24" coveredstatements="24" conditionals="10" coveredconditionals="10" methods="5" coveredmethods="5"/>
        <line num="1" count="1" type="cond" truecount="2" falsecount="0"/>
        <line num="2" count="1" type="stmt"/>
        <line num="3" count="1" type="stmt"/>
        <line num="4" count="1" type="stmt"/>
        <line num="5" count="1" type="stmt"/>
        <line num="6" count="1" type="stmt"/>
        <line num="9" count="1" type="cond" truecount="2" falsecount="0"/>
        <line num="10" count="1" type="stmt"/>
        <line num="11" count="1" type="stmt"/>
        <line num="12" count="1" type="stmt"/>
        <line num="15" count="1" type="cond" truecount="2" falsecount="0"/>
        <line num="16" count="1" type="stmt"/>
        <line num="17" count="1" type="stmt"/>
        <line num="20" count="1" type="cond" truecount="2" falsecount="0"/>
        <line num="21" count="1" type="stmt"/>
        <line num="22" count="1" type="stmt"/>
        <line num="23" count="1" type="stmt"/>
        <line num="26" count="1" type="cond" truecount="2" falsecount="0"/>
        <line num="27" count="1" type="stmt"/>
        <line num="28" count="1" type="stmt"/>
        <line num="29" count="1" type="stmt"/>
        <line num="30" count="1" type="stmt"/>
        <line num="31" count="1" type="stmt"/>
        <line num="32" count="1" type="stmt"/>
      </file>
    </package>
    <package name="domain.services">
      <metrics statements="216" coveredstatements="165" conditionals="103" coveredconditionals="63" methods="36" coveredmethods="31"/>
      <file name="agent-service.ts" path="/Users/antontcholakov/Projects/rfc-master/src/domain/services/agent-service.ts">
        <metrics statements="15" coveredstatements="12" conditionals="10" coveredconditionals="8" methods="5" coveredmethods="4"/>
        <line num="1" count="1" type="stmt"/>
        <line num="2" count="1" type="stmt"/>
        <line num="5" count="1" type="stmt"/>
        <line num="6" count="32" type="stmt"/>
        <line num="13" count="100" type="cond" truecount="2" falsecount="1"/>
        <line num="14" count="0" type="stmt"/>
        <line num="17" count="100" type="stmt"/>
        <line num="18" count="100" type="stmt"/>
        <line num="29" count="100" type="stmt"/>
        <line num="33" count="0" type="stmt"/>
        <line num="37" count="1" type="stmt"/>
        <line num="41" count="100" type="cond" truecount="6" falsecount="1"/>
        <line num="43" count="33" type="stmt"/>
        <line num="53" count="67" type="stmt"/>
        <line num="59" count="0" type="stmt"/>
      </file>
      <file name="comment-service.ts" path="/Users/antontcholakov/Projects/rfc-master/src/domain/services/comment-service.ts">
        <metrics statements="72" coveredstatements="55" conditionals="35" coveredconditionals="18" methods="9" coveredmethods="9"/>
        <line num="1" count="1" type="stmt"/>
        <line num="2" count="1" type="stmt"/>
        <line num="12" count="1" type="stmt"/>
        <line num="13" count="32" type="stmt"/>
        <line num="16" count="15" type="stmt"/>
        <line num="18" count="15" type="stmt"/>
        <line num="19" count="15" type="cond" truecount="0" falsecount="1"/>
        <line num="20" count="0" type="stmt"/>
        <line num="23" count="15" type="stmt"/>
        <line num="24" count="15" type="cond" truecount="1" falsecount="0"/>
        <line num="25" count="1" type="stmt"/>
        <line num="28" count="14" type="cond" truecount="1" falsecount="0"/>
        <line num="29" count="1" type="stmt"/>
        <line num="33" count="13" type="cond" truecount="1" falsecount="0"/>
        <line num="34" count="2" type="cond" truecount="0" falsecount="1"/>
        <line num="35" count="0" type="stmt"/>
        <line num="38" count="2" type="stmt"/>
        <line num="39" count="2" type="cond" truecount="1" falsecount="0"/>
        <line num="40" count="1" type="stmt"/>
        <line num="43" count="1" type="stmt"/>
        <line num="50" count="12" type="stmt"/>
        <line num="63" count="12" type="stmt"/>
        <line num="67" count="3" type="stmt"/>
        <line num="69" count="3" type="stmt"/>
        <line num="70" count="3" type="cond" truecount="0" falsecount="1"/>
        <line num="71" count="0" type="stmt"/>
        <line num="74" count="3" type="stmt"/>
        <line num="75" count="3" type="cond" truecount="0" falsecount="1"/>
        <line num="76" count="0" type="stmt"/>
        <line num="79" count="3" type="cond" truecount="0" falsecount="1"/>
        <line num="80" count="0" type="stmt"/>
        <line num="83" count="3" type="stmt"/>
        <line num="96" count="3" type="stmt"/>
        <line num="100" count="3" type="stmt"/>
        <line num="101" count="3" type="cond" truecount="1" falsecount="0"/>
        <line num="102" count="1" type="stmt"/>
        <line num="105" count="2" type="cond" truecount="0" falsecount="1"/>
        <line num="106" count="0" type="stmt"/>
        <line num="109" count="2" type="stmt"/>
        <line num="110" count="2" type="cond" truecount="0" falsecount="1"/>
        <line num="111" count="0" type="stmt"/>
        <line num="114" count="2" type="stmt"/>
        <line num="121" count="2" type="stmt"/>
        <line num="125" count="1" type="stmt"/>
        <line num="126" count="1" type="cond" truecount="0" falsecount="1"/>
        <line num="127" count="0" type="stmt"/>
        <line num="130" count="1" type="cond" truecount="0" falsecount="1"/>
        <line num="131" count="0" type="stmt"/>
        <line num="134" count="1" type="stmt"/>
        <line num="135" count="1" type="cond" truecount="0" falsecount="1"/>
        <line num="136" count="0" type="stmt"/>
        <line num="139" count="1" type="stmt"/>
        <line num="146" count="1" type="stmt"/>
        <line num="150" count="3" type="stmt"/>
        <line num="154" count="2" type="stmt"/>
        <line num="155" count="2" type="cond" truecount="1" falsecount="0"/>
        <line num="156" count="1" type="stmt"/>
        <line num="159" count="1" type="stmt"/>
        <line num="163" count="15" type="cond" truecount="2" falsecount="1"/>
        <line num="164" count="0" type="stmt"/>
        <line num="166" count="15" type="cond" truecount="2" falsecount="1"/>
        <line num="167" count="0" type="stmt"/>
        <line num="169" count="15" type="cond" truecount="2" falsecount="1"/>
        <line num="170" count="0" type="stmt"/>
        <line num="172" count="15" type="cond" truecount="0" falsecount="1"/>
        <line num="173" count="0" type="stmt"/>
        <line num="178" count="3" type="cond" truecount="2" falsecount="1"/>
        <line num="179" count="0" type="stmt"/>
        <line num="181" count="3" type="cond" truecount="2" falsecount="1"/>
        <line num="182" count="0" type="stmt"/>
        <line num="184" count="3" type="cond" truecount="2" falsecount="1"/>
        <line num="185" count="0" type="stmt"/>
      </file>
      <file name="review-service.ts" path="/Users/antontcholakov/Projects/rfc-master/src/domain/services/review-service.ts">
        <metrics statements="79" coveredstatements="53" conditionals="37" coveredconditionals="20" methods="11" coveredmethods="8"/>
        <line num="1" count="1" type="stmt"/>
        <line num="2" count="1" type="stmt"/>
        <line num="10" count="1" type="stmt"/>
        <line num="11" count="32" type="stmt"/>
        <line num="14" count="7" type="stmt"/>
        <line num="16" count="6" type="stmt"/>
        <line num="17" count="6" type="cond" truecount="0" falsecount="1"/>
        <line num="18" count="0" type="stmt"/>
        <line num="21" count="6" type="stmt"/>
        <line num="22" count="6" type="cond" truecount="1" falsecount="0"/>
        <line num="23" count="1" type="stmt"/>
        <line num="26" count="5" type="stmt"/>
        <line num="27" count="8" type="stmt"/>
        <line num="28" count="8" type="cond" truecount="0" falsecount="1"/>
        <line num="29" count="0" type="stmt"/>
        <line num="31" count="8" type="cond" truecount="0" falsecount="1"/>
        <line num="32" count="0" type="stmt"/>
        <line num="36" count="5" type="stmt"/>
        <line num="37" count="5" type="stmt"/>
        <line num="38" count="8" type="stmt"/>
        <line num="41" count="5" type="stmt"/>
        <line num="52" count="5" type="stmt"/>
        <line num="56" count="5" type="stmt"/>
        <line num="58" count="5" type="stmt"/>
        <line num="59" count="5" type="cond" truecount="1" falsecount="0"/>
        <line num="60" count="1" type="stmt"/>
        <line num="63" count="4" type="cond" truecount="0" falsecount="1"/>
        <line num="64" count="0" type="stmt"/>
        <line num="67" count="4" type="cond" truecount="0" falsecount="1"/>
        <line num="68" count="0" type="stmt"/>
        <line num="71" count="4" type="stmt"/>
        <line num="72" count="4" type="cond" truecount="0" falsecount="1"/>
        <line num="73" count="0" type="stmt"/>
        <line num="76" count="4" type="cond" truecount="3" falsecount="0"/>
        <line num="77" count="1" type="stmt"/>
        <line num="80" count="3" type="stmt"/>
        <line num="81" count="1" type="cond" truecount="0" falsecount="1"/>
        <line num="82" count="0" type="stmt"/>
        <line num="84" count="1" type="stmt"/>
        <line num="87" count="3" type="stmt"/>
        <line num="89" count="3" type="stmt"/>
        <line num="90" count="6" type="stmt"/>
        <line num="92" count="3" type="cond" truecount="1" falsecount="0"/>
        <line num="93" count="1" type="stmt"/>
        <line num="96" count="3" type="stmt"/>
        <line num="100" count="2" type="stmt"/>
        <line num="101" count="2" type="cond" truecount="1" falsecount="0"/>
        <line num="102" count="1" type="stmt"/>
        <line num="105" count="1" type="stmt"/>
        <line num="109" count="2" type="stmt"/>
        <line num="110" count="2" type="cond" truecount="0" falsecount="1"/>
        <line num="111" count="0" type="stmt"/>
        <line num="114" count="2" type="stmt"/>
        <line num="118" count="0" type="stmt"/>
        <line num="119" count="0" type="cond" truecount="0" falsecount="1"/>
        <line num="120" count="0" type="stmt"/>
        <line num="123" count="0" type="cond" truecount="0" falsecount="1"/>
        <line num="124" count="0" type="stmt"/>
        <line num="127" count="0" type="stmt"/>
        <line num="128" count="0" type="cond" truecount="0" falsecount="1"/>
        <line num="129" count="0" type="stmt"/>
        <line num="132" count="0" type="stmt"/>
        <line num="133" count="0" type="stmt"/>
        <line num="137" count="0" type="stmt"/>
        <line num="141" count="0" type="stmt"/>
        <line num="145" count="7" type="cond" truecount="2" falsecount="1"/>
        <line num="146" count="0" type="stmt"/>
        <line num="148" count="7" type="cond" truecount="2" falsecount="1"/>
        <line num="149" count="0" type="stmt"/>
        <line num="151" count="7" type="cond" truecount="2" falsecount="1"/>
        <line num="152" count="0" type="stmt"/>
        <line num="154" count="7" type="cond" truecount="3" falsecount="0"/>
        <line num="155" count="1" type="stmt"/>
        <line num="160" count="5" type="cond" truecount="2" falsecount="1"/>
        <line num="161" count="0" type="stmt"/>
        <line num="163" count="5" type="cond" truecount="2" falsecount="1"/>
        <line num="164" count="0" type="stmt"/>
        <line num="166" count="5" type="cond" truecount="0" falsecount="1"/>
        <line num="167" count="0" type="stmt"/>
      </file>
      <file name="rfc-service.ts" path="/Users/antontcholakov/Projects/rfc-master/src/domain/services/rfc-service.ts">
        <metrics statements="50" coveredstatements="45" conditionals="21" coveredconditionals="17" methods="11" coveredmethods="10"/>
        <line num="1" count="1" type="stmt"/>
        <line num="2" count="1" type="stmt"/>
        <line num="11" count="1" type="stmt"/>
        <line num="12" count="32" type="stmt"/>
        <line num="15" count="29" type="stmt"/>
        <line num="17" count="27" type="stmt"/>
        <line num="29" count="27" type="stmt"/>
        <line num="33" count="7" type="stmt"/>
        <line num="34" count="7" type="cond" truecount="1" falsecount="0"/>
        <line num="35" count="1" type="stmt"/>
        <line num="38" count="6" type="stmt"/>
        <line num="46" count="6" type="stmt"/>
        <line num="50" count="3" type="stmt"/>
        <line num="51" count="3" type="cond" truecount="0" falsecount="1"/>
        <line num="52" count="0" type="stmt"/>
        <line num="55" count="3" type="stmt"/>
        <line num="57" count="2" type="stmt"/>
        <line num="63" count="2" type="stmt"/>
        <line num="67" count="1" type="stmt"/>
        <line num="71" count="0" type="stmt"/>
        <line num="75" count="3" type="stmt"/>
        <line num="79" count="4" type="stmt"/>
        <line num="80" count="4" type="cond" truecount="1" falsecount="0"/>
        <line num="81" count="1" type="stmt"/>
        <line num="84" count="3" type="stmt"/>
        <line num="85" count="3" type="cond" truecount="1" falsecount="0"/>
        <line num="86" count="1" type="stmt"/>
        <line num="89" count="2" type="stmt"/>
        <line num="90" count="2" type="cond" truecount="2" falsecount="0"/>
        <line num="91" count="1" type="stmt"/>
        <line num="93" count="1" type="stmt"/>
        <line num="94" count="1" type="cond" truecount="1" falsecount="0"/>
        <line num="95" count="1" type="stmt"/>
        <line num="102" count="2" type="stmt"/>
        <line num="106" count="5" type="stmt"/>
        <line num="107" count="5" type="cond" truecount="0" falsecount="1"/>
        <line num="108" count="0" type="stmt"/>
        <line num="110" count="5" type="stmt"/>
        <line num="114" count="29" type="cond" truecount="3" falsecount="0"/>
        <line num="115" count="1" type="stmt"/>
        <line num="117" count="28" type="cond" truecount="3" falsecount="0"/>
        <line num="118" count="1" type="stmt"/>
        <line num="120" count="27" type="cond" truecount="2" falsecount="1"/>
        <line num="121" count="0" type="stmt"/>
        <line num="123" count="27" type="cond" truecount="2" falsecount="1"/>
        <line num="124" count="0" type="stmt"/>
        <line num="129" count="3" type="stmt"/>
        <line num="137" count="3" type="stmt"/>
        <line num="138" count="3" type="cond" truecount="1" falsecount="0"/>
        <line num="139" count="1" type="stmt"/>
      </file>
    </package>
    <package name="domain.storage">
      <metrics statements="102" coveredstatements="95" conditionals="47" coveredconditionals="34" methods="40" coveredmethods="34"/>
      <file name="in-memory.ts" path="/Users/antontcholakov/Projects/rfc-master/src/domain/storage/in-memory.ts">
        <metrics statements="102" coveredstatements="95" conditionals="47" coveredconditionals="34" methods="40" coveredmethods="34"/>
        <line num="18" count="32" type="stmt"/>
        <line num="19" count="32" type="stmt"/>
        <line num="22" count="27" type="cond" truecount="2" falsecount="0"/>
        <line num="23" count="27" type="stmt"/>
        <line num="24" count="27" type="stmt"/>
        <line num="25" count="27" type="stmt"/>
        <line num="26" count="27" type="stmt"/>
        <line num="30" count="8" type="cond" truecount="1" falsecount="1"/>
        <line num="31" count="10" type="stmt"/>
        <line num="33" count="8" type="cond" truecount="2" falsecount="0"/>
        <line num="34" count="4" type="stmt"/>
        <line num="36" count="4" type="stmt"/>
        <line num="39" count="8" type="stmt"/>
        <line num="41" count="8" type="stmt"/>
        <line num="42" count="6" type="cond" truecount="1" falsecount="1"/>
        <line num="44" count="8" type="stmt"/>
        <line num="46" count="8" type="stmt"/>
        <line num="50" count="41" type="cond" truecount="2" falsecount="0"/>
        <line num="54" count="0" type="cond" truecount="0" falsecount="2"/>
        <line num="55" count="0" type="cond" truecount="0" falsecount="2"/>
        <line num="59" count="3" type="stmt"/>
        <line num="61" count="3" type="cond" truecount="1" falsecount="0"/>
        <line num="62" count="2" type="cond" truecount="0" falsecount="1"/>
        <line num="63" count="0" type="stmt"/>
        <line num="65" count="2" type="cond" truecount="1" falsecount="0"/>
        <line num="66" count="3" type="stmt"/>
        <line num="68" count="2" type="cond" truecount="1" falsecount="0"/>
        <line num="69" count="3" type="stmt"/>
        <line num="71" count="2" type="cond" truecount="0" falsecount="1"/>
        <line num="72" count="0" type="stmt"/>
        <line num="74" count="2" type="cond" truecount="0" falsecount="1"/>
        <line num="75" count="0" type="stmt"/>
        <line num="79" count="3" type="stmt"/>
        <line num="84" count="32" type="stmt"/>
        <line num="85" count="32" type="stmt"/>
        <line num="86" count="32" type="stmt"/>
        <line num="89" count="16" type="stmt"/>
        <line num="91" count="16" type="cond" truecount="2" falsecount="0"/>
        <line num="92" count="16" type="stmt"/>
        <line num="93" count="16" type="stmt"/>
        <line num="95" count="16" type="cond" truecount="1" falsecount="0"/>
        <line num="96" count="3" type="cond" truecount="2" falsecount="0"/>
        <line num="97" count="3" type="stmt"/>
        <line num="98" count="3" type="stmt"/>
        <line num="101" count="16" type="stmt"/>
        <line num="105" count="3" type="stmt"/>
        <line num="106" count="3" type="stmt"/>
        <line num="110" count="12" type="cond" truecount="2" falsecount="0"/>
        <line num="114" count="3" type="cond" truecount="1" falsecount="1"/>
        <line num="115" count="3" type="stmt"/>
        <line num="116" count="7" type="stmt"/>
        <line num="117" count="7" type="stmt"/>
        <line num="119" count="3" type="cond" truecount="1" falsecount="0"/>
        <line num="120" count="4" type="stmt"/>
        <line num="123" count="3" type="stmt"/>
        <line num="127" count="3" type="cond" truecount="2" falsecount="0"/>
        <line num="128" count="3" type="stmt"/>
        <line num="129" count="2" type="stmt"/>
        <line num="130" count="2" type="stmt"/>
        <line num="131" count="1" type="stmt"/>
        <line num="135" count="1" type="stmt"/>
        <line num="136" count="1" type="stmt"/>
        <line num="138" count="1" type="stmt"/>
        <line num="139" count="3" type="cond" truecount="0" falsecount="1"/>
        <line num="140" count="3" type="stmt"/>
        <line num="142" count="3" type="stmt"/>
        <line num="143" count="3" type="cond" truecount="0" falsecount="1"/>
        <line num="145" count="3" type="cond" truecount="2" falsecount="1"/>
        <line num="146" count="0" type="stmt"/>
        <line num="149" count="3" type="stmt"/>
        <line num="151" count="3" type="stmt"/>
        <line num="152" count="3" type="stmt"/>
        <line num="153" count="2" type="stmt"/>
        <line num="157" count="1" type="stmt"/>
        <line num="158" count="1" type="stmt"/>
        <line num="163" count="32" type="stmt"/>
        <line num="164" count="32" type="stmt"/>
        <line num="167" count="5" type="stmt"/>
        <line num="169" count="5" type="cond" truecount="2" falsecount="0"/>
        <line num="170" count="5" type="stmt"/>
        <line num="171" count="5" type="stmt"/>
        <line num="173" count="5" type="stmt"/>
        <line num="177" count="3" type="stmt"/>
        <line num="178" count="3" type="stmt"/>
        <line num="182" count="9" type="cond" truecount="2" falsecount="0"/>
        <line num="186" count="6" type="cond" truecount="2" falsecount="0"/>
        <line num="187" count="6" type="stmt"/>
        <line num="188" count="1" type="stmt"/>
        <line num="189" count="1" type="stmt"/>
        <line num="190" count="0" type="stmt"/>
        <line num="194" count="6" type="stmt"/>
        <line num="195" count="6" type="cond" truecount="2" falsecount="0"/>
        <line num="200" count="32" type="stmt"/>
        <line num="203" count="100" type="stmt"/>
        <line num="204" count="100" type="stmt"/>
        <line num="208" count="29" type="cond" truecount="2" falsecount="0"/>
        <line num="212" count="1" type="stmt"/>
        <line num="216" count="1" type="stmt"/>
        <line num="223" count="32" type="stmt"/>
        <line num="224" count="32" type="stmt"/>
        <line num="225" count="32" type="stmt"/>
        <line num="226" count="32" type="stmt"/>
      </file>
    </package>
  </project>
</coverage>
