{"/Users/antontcholakov/Projects/rfc-master/src/domain/rfc-domain-model.ts": {"path":"/Users/antontcholakov/Projects/rfc-master/src/domain/rfc-domain-model.ts","statementMap":{"0":{"start":{"line":2,"column":0},"end":{"line":2,"column":54}},"1":{"start":{"line":3,"column":0},"end":{"line":3,"column":52}},"2":{"start":{"line":4,"column":0},"end":{"line":4,"column":60}},"3":{"start":{"line":5,"column":0},"end":{"line":5,"column":58}},"4":{"start":{"line":6,"column":0},"end":{"line":6,"column":56}},"5":{"start":{"line":31,"column":4},"end":{"line":31,"column":52}},"6":{"start":{"line":32,"column":4},"end":{"line":32,"column":51}},"7":{"start":{"line":33,"column":4},"end":{"line":33,"column":59}},"8":{"start":{"line":34,"column":4},"end":{"line":34,"column":57}},"9":{"start":{"line":35,"column":4},"end":{"line":35,"column":55}},"10":{"start":{"line":39,"column":4},"end":{"line":44,"column":7}},"11":{"start":{"line":48,"column":4},"end":{"line":48,"column":66}},"12":{"start":{"line":52,"column":4},"end":{"line":52,"column":64}},"13":{"start":{"line":56,"column":4},"end":{"line":56,"column":47}},"14":{"start":{"line":60,"column":4},"end":{"line":60,"column":51}},"15":{"start":{"line":64,"column":4},"end":{"line":64,"column":56}},"16":{"start":{"line":68,"column":4},"end":{"line":68,"column":60}},"17":{"start":{"line":72,"column":4},"end":{"line":72,"column":75}},"18":{"start":{"line":76,"column":4},"end":{"line":76,"column":76}},"19":{"start":{"line":80,"column":4},"end":{"line":80,"column":70}},"20":{"start":{"line":84,"column":4},"end":{"line":84,"column":65}},"21":{"start":{"line":88,"column":4},"end":{"line":88,"column":58}},"22":{"start":{"line":92,"column":4},"end":{"line":92,"column":57}},"23":{"start":{"line":96,"column":4},"end":{"line":96,"column":69}},"24":{"start":{"line":100,"column":4},"end":{"line":100,"column":70}},"25":{"start":{"line":104,"column":4},"end":{"line":104,"column":55}},"26":{"start":{"line":108,"column":4},"end":{"line":108,"column":67}},"27":{"start":{"line":112,"column":4},"end":{"line":112,"column":73}},"28":{"start":{"line":116,"column":4},"end":{"line":116,"column":53}},"29":{"start":{"line":120,"column":4},"end":{"line":120,"column":48}},"30":{"start":{"line":23,"column":0},"end":{"line":23,"column":13}},"31":{"start":{"line":124,"column":0},"end":{"line":124,"column":24}}},"fnMap":{"0":{"name":"(anonymous_4)","decl":{"start":{"line":30,"column":2},"end":{"line":30,"column":14}},"loc":{"start":{"line":30,"column":32},"end":{"line":36,"column":3}}},"1":{"name":"(anonymous_5)","decl":{"start":{"line":38,"column":2},"end":{"line":38,"column":7}},"loc":{"start":{"line":38,"column":88},"end":{"line":45,"column":3}}},"2":{"name":"(anonymous_6)","decl":{"start":{"line":47,"column":2},"end":{"line":47,"column":7}},"loc":{"start":{"line":47,"column":55},"end":{"line":49,"column":3}}},"3":{"name":"(anonymous_7)","decl":{"start":{"line":51,"column":2},"end":{"line":51,"column":7}},"loc":{"start":{"line":51,"column":56},"end":{"line":53,"column":3}}},"4":{"name":"(anonymous_8)","decl":{"start":{"line":55,"column":2},"end":{"line":55,"column":7}},"loc":{"start":{"line":55,"column":28},"end":{"line":57,"column":3}}},"5":{"name":"(anonymous_9)","decl":{"start":{"line":59,"column":2},"end":{"line":59,"column":7}},"loc":{"start":{"line":59,"column":46},"end":{"line":61,"column":3}}},"6":{"name":"(anonymous_10)","decl":{"start":{"line":63,"column":2},"end":{"line":63,"column":7}},"loc":{"start":{"line":63,"column":43},"end":{"line":65,"column":3}}},"7":{"name":"(anonymous_11)","decl":{"start":{"line":67,"column":2},"end":{"line":67,"column":7}},"loc":{"start":{"line":67,"column":51},"end":{"line":69,"column":3}}},"8":{"name":"(anonymous_12)","decl":{"start":{"line":71,"column":2},"end":{"line":71,"column":7}},"loc":{"start":{"line":71,"column":60},"end":{"line":73,"column":3}}},"9":{"name":"(anonymous_13)","decl":{"start":{"line":75,"column":2},"end":{"line":75,"column":7}},"loc":{"start":{"line":75,"column":61},"end":{"line":77,"column":3}}},"10":{"name":"(anonymous_14)","decl":{"start":{"line":79,"column":2},"end":{"line":79,"column":7}},"loc":{"start":{"line":79,"column":63},"end":{"line":81,"column":3}}},"11":{"name":"(anonymous_15)","decl":{"start":{"line":83,"column":2},"end":{"line":83,"column":7}},"loc":{"start":{"line":83,"column":42},"end":{"line":85,"column":3}}},"12":{"name":"(anonymous_16)","decl":{"start":{"line":87,"column":2},"end":{"line":87,"column":7}},"loc":{"start":{"line":87,"column":49},"end":{"line":89,"column":3}}},"13":{"name":"(anonymous_17)","decl":{"start":{"line":91,"column":2},"end":{"line":91,"column":7}},"loc":{"start":{"line":91,"column":47},"end":{"line":93,"column":3}}},"14":{"name":"(anonymous_18)","decl":{"start":{"line":95,"column":2},"end":{"line":95,"column":7}},"loc":{"start":{"line":95,"column":47},"end":{"line":97,"column":3}}},"15":{"name":"(anonymous_19)","decl":{"start":{"line":99,"column":2},"end":{"line":99,"column":7}},"loc":{"start":{"line":99,"column":48},"end":{"line":101,"column":3}}},"16":{"name":"(anonymous_20)","decl":{"start":{"line":103,"column":2},"end":{"line":103,"column":7}},"loc":{"start":{"line":103,"column":49},"end":{"line":105,"column":3}}},"17":{"name":"(anonymous_21)","decl":{"start":{"line":107,"column":2},"end":{"line":107,"column":7}},"loc":{"start":{"line":107,"column":56},"end":{"line":109,"column":3}}},"18":{"name":"(anonymous_22)","decl":{"start":{"line":111,"column":2},"end":{"line":111,"column":7}},"loc":{"start":{"line":111,"column":100},"end":{"line":113,"column":3}}},"19":{"name":"(anonymous_23)","decl":{"start":{"line":115,"column":2},"end":{"line":115,"column":7}},"loc":{"start":{"line":115,"column":32},"end":{"line":117,"column":3}}},"20":{"name":"(anonymous_24)","decl":{"start":{"line":119,"column":2},"end":{"line":119,"column":7}},"loc":{"start":{"line":119,"column":18},"end":{"line":121,"column":3}}}},"branchMap":{"0":{"loc":{"start":{"line":31,"column":19},"end":{"line":31,"column":51}},"type":"binary-expr","locations":[{"start":{"line":31,"column":19},"end":{"line":31,"column":26}},{"start":{"line":31,"column":30},"end":{"line":31,"column":51}}]}},"s":{"0":1,"1":1,"2":1,"3":1,"4":1,"5":32,"6":32,"7":32,"8":32,"9":32,"10":29,"11":5,"12":3,"13":1,"14":3,"15":15,"16":3,"17":3,"18":1,"19":3,"20":2,"21":7,"22":5,"23":2,"24":2,"25":4,"26":2,"27":100,"28":0,"29":1,"30":1,"31":1},"f":{"0":32,"1":29,"2":5,"3":3,"4":1,"5":3,"6":15,"7":3,"8":3,"9":1,"10":3,"11":2,"12":7,"13":5,"14":2,"15":2,"16":4,"17":2,"18":100,"19":0,"20":1},"b":{"0":[32,32]}}
,"/Users/antontcholakov/Projects/rfc-master/src/domain/types.ts": {"path":"/Users/antontcholakov/Projects/rfc-master/src/domain/types.ts","statementMap":{"0":{"start":{"line":1,"column":0},"end":{"line":1,"column":null}},"1":{"start":{"line":2,"column":2},"end":{"line":2,"column":null}},"2":{"start":{"line":3,"column":2},"end":{"line":3,"column":null}},"3":{"start":{"line":4,"column":2},"end":{"line":4,"column":null}},"4":{"start":{"line":5,"column":2},"end":{"line":5,"column":null}},"5":{"start":{"line":6,"column":2},"end":{"line":6,"column":null}},"6":{"start":{"line":9,"column":0},"end":{"line":9,"column":null}},"7":{"start":{"line":10,"column":2},"end":{"line":10,"column":null}},"8":{"start":{"line":11,"column":2},"end":{"line":11,"column":null}},"9":{"start":{"line":12,"column":2},"end":{"line":12,"column":null}},"10":{"start":{"line":15,"column":0},"end":{"line":15,"column":null}},"11":{"start":{"line":16,"column":2},"end":{"line":16,"column":null}},"12":{"start":{"line":17,"column":2},"end":{"line":17,"column":null}},"13":{"start":{"line":20,"column":0},"end":{"line":20,"column":null}},"14":{"start":{"line":21,"column":2},"end":{"line":21,"column":null}},"15":{"start":{"line":22,"column":2},"end":{"line":22,"column":null}},"16":{"start":{"line":23,"column":2},"end":{"line":23,"column":null}},"17":{"start":{"line":26,"column":0},"end":{"line":26,"column":null}},"18":{"start":{"line":27,"column":2},"end":{"line":27,"column":null}},"19":{"start":{"line":28,"column":2},"end":{"line":28,"column":null}},"20":{"start":{"line":29,"column":2},"end":{"line":29,"column":null}},"21":{"start":{"line":30,"column":2},"end":{"line":30,"column":null}},"22":{"start":{"line":31,"column":2},"end":{"line":31,"column":null}},"23":{"start":{"line":32,"column":2},"end":{"line":32,"column":null}}},"fnMap":{"0":{"name":"(anonymous_0)","decl":{"start":{"line":1,"column":0},"end":{"line":1,"column":12}},"loc":{"start":{"line":1,"column":21},"end":{"line":7,"column":1}}},"1":{"name":"(anonymous_1)","decl":{"start":{"line":9,"column":0},"end":{"line":9,"column":12}},"loc":{"start":{"line":9,"column":25},"end":{"line":13,"column":1}}},"2":{"name":"(anonymous_2)","decl":{"start":{"line":15,"column":0},"end":{"line":15,"column":12}},"loc":{"start":{"line":15,"column":23},"end":{"line":18,"column":1}}},"3":{"name":"(anonymous_3)","decl":{"start":{"line":20,"column":0},"end":{"line":20,"column":12}},"loc":{"start":{"line":20,"column":24},"end":{"line":24,"column":1}}},"4":{"name":"(anonymous_4)","decl":{"start":{"line":26,"column":0},"end":{"line":26,"column":12}},"loc":{"start":{"line":26,"column":21},"end":{"line":33,"column":1}}}},"branchMap":{"0":{"loc":{"start":{"line":1,"column":12},"end":{"line":1,"column":null}},"type":"binary-expr","locations":[{"start":{"line":1,"column":12},"end":{"line":1,"column":21}},{"start":{"line":1,"column":21},"end":{"line":1,"column":null}}]},"1":{"loc":{"start":{"line":9,"column":12},"end":{"line":9,"column":null}},"type":"binary-expr","locations":[{"start":{"line":9,"column":12},"end":{"line":9,"column":25}},{"start":{"line":9,"column":25},"end":{"line":9,"column":null}}]},"2":{"loc":{"start":{"line":15,"column":12},"end":{"line":15,"column":null}},"type":"binary-expr","locations":[{"start":{"line":15,"column":12},"end":{"line":15,"column":23}},{"start":{"line":15,"column":23},"end":{"line":15,"column":null}}]},"3":{"loc":{"start":{"line":20,"column":12},"end":{"line":20,"column":null}},"type":"binary-expr","locations":[{"start":{"line":20,"column":12},"end":{"line":20,"column":24}},{"start":{"line":20,"column":24},"end":{"line":20,"column":null}}]},"4":{"loc":{"start":{"line":26,"column":12},"end":{"line":26,"column":null}},"type":"binary-expr","locations":[{"start":{"line":26,"column":12},"end":{"line":26,"column":21}},{"start":{"line":26,"column":21},"end":{"line":26,"column":null}}]}},"s":{"0":1,"1":1,"2":1,"3":1,"4":1,"5":1,"6":1,"7":1,"8":1,"9":1,"10":1,"11":1,"12":1,"13":1,"14":1,"15":1,"16":1,"17":1,"18":1,"19":1,"20":1,"21":1,"22":1,"23":1},"f":{"0":1,"1":1,"2":1,"3":1,"4":1},"b":{"0":[1,1],"1":[1,1],"2":[1,1],"3":[1,1],"4":[1,1]}}
,"/Users/antontcholakov/Projects/rfc-master/src/domain/services/agent-service.ts": {"path":"/Users/antontcholakov/Projects/rfc-master/src/domain/services/agent-service.ts","statementMap":{"0":{"start":{"line":1,"column":0},"end":{"line":1,"column":36}},"1":{"start":{"line":2,"column":0},"end":{"line":2,"column":44}},"2":{"start":{"line":6,"column":22},"end":{"line":6,"column":39}},"3":{"start":{"line":13,"column":4},"end":{"line":15,"column":5}},"4":{"start":{"line":14,"column":6},"end":{"line":14,"column":48}},"5":{"start":{"line":17,"column":32},"end":{"line":17,"column":65}},"6":{"start":{"line":18,"column":25},"end":{"line":27,"column":6}},"7":{"start":{"line":29,"column":4},"end":{"line":29,"column":51}},"8":{"start":{"line":33,"column":4},"end":{"line":33,"column":54}},"9":{"start":{"line":37,"column":4},"end":{"line":37,"column":44}},"10":{"start":{"line":41,"column":4},"end":{"line":64,"column":5}},"11":{"start":{"line":43,"column":8},"end":{"line":47,"column":10}},"12":{"start":{"line":53,"column":8},"end":{"line":57,"column":10}},"13":{"start":{"line":59,"column":8},"end":{"line":63,"column":10}},"14":{"start":{"line":5,"column":0},"end":{"line":5,"column":13}}},"fnMap":{"0":{"name":"(anonymous_0)","decl":{"start":{"line":6,"column":2},"end":{"line":6,"column":22}},"loc":{"start":{"line":6,"column":39},"end":{"line":6,"column":43}}},"1":{"name":"(anonymous_1)","decl":{"start":{"line":8,"column":2},"end":{"line":8,"column":7}},"loc":{"start":{"line":11,"column":49},"end":{"line":30,"column":3}}},"2":{"name":"(anonymous_2)","decl":{"start":{"line":32,"column":2},"end":{"line":32,"column":7}},"loc":{"start":{"line":32,"column":32},"end":{"line":34,"column":3}}},"3":{"name":"(anonymous_3)","decl":{"start":{"line":36,"column":2},"end":{"line":36,"column":7}},"loc":{"start":{"line":36,"column":18},"end":{"line":38,"column":3}}},"4":{"name":"(anonymous_4)","decl":{"start":{"line":40,"column":10},"end":{"line":40,"column":32}},"loc":{"start":{"line":40,"column":48},"end":{"line":65,"column":3}}}},"branchMap":{"0":{"loc":{"start":{"line":13,"column":4},"end":{"line":15,"column":5}},"type":"if","locations":[{"start":{"line":13,"column":4},"end":{"line":15,"column":5}}]},"1":{"loc":{"start":{"line":13,"column":8},"end":{"line":13,"column":41}},"type":"binary-expr","locations":[{"start":{"line":13,"column":8},"end":{"line":13,"column":13}},{"start":{"line":13,"column":17},"end":{"line":13,"column":41}}]},"2":{"loc":{"start":{"line":41,"column":4},"end":{"line":64,"column":5}},"type":"switch","locations":[{"start":{"line":42,"column":6},"end":{"line":47,"column":10}},{"start":{"line":48,"column":6},"end":{"line":48,"column":30}},{"start":{"line":49,"column":6},"end":{"line":49,"column":29}},{"start":{"line":50,"column":6},"end":{"line":50,"column":30}},{"start":{"line":51,"column":6},"end":{"line":51,"column":30}},{"start":{"line":52,"column":6},"end":{"line":57,"column":10}},{"start":{"line":58,"column":6},"end":{"line":63,"column":10}}]}},"s":{"0":1,"1":1,"2":32,"3":100,"4":0,"5":100,"6":100,"7":100,"8":0,"9":1,"10":100,"11":33,"12":67,"13":0,"14":1},"f":{"0":32,"1":100,"2":0,"3":1,"4":100},"b":{"0":[0],"1":[100,100],"2":[33,33,67,67,67,67,0]}}
,"/Users/antontcholakov/Projects/rfc-master/src/domain/services/comment-service.ts": {"path":"/Users/antontcholakov/Projects/rfc-master/src/domain/services/comment-service.ts","statementMap":{"0":{"start":{"line":1,"column":0},"end":{"line":1,"column":36}},"1":{"start":{"line":2,"column":0},"end":{"line":2,"column":null}},"2":{"start":{"line":13,"column":22},"end":{"line":13,"column":39}},"3":{"start":{"line":16,"column":4},"end":{"line":16,"column":42}},"4":{"start":{"line":18,"column":16},"end":{"line":18,"column":61}},"5":{"start":{"line":19,"column":4},"end":{"line":21,"column":5}},"6":{"start":{"line":20,"column":6},"end":{"line":20,"column":63}},"7":{"start":{"line":23,"column":18},"end":{"line":23,"column":67}},"8":{"start":{"line":24,"column":4},"end":{"line":26,"column":5}},"9":{"start":{"line":25,"column":6},"end":{"line":25,"column":67}},"10":{"start":{"line":28,"column":4},"end":{"line":30,"column":5}},"11":{"start":{"line":29,"column":6},"end":{"line":29,"column":85}},"12":{"start":{"line":33,"column":4},"end":{"line":48,"column":5}},"13":{"start":{"line":34,"column":6},"end":{"line":36,"column":7}},"14":{"start":{"line":35,"column":8},"end":{"line":35,"column":71}},"15":{"start":{"line":38,"column":25},"end":{"line":38,"column":64}},"16":{"start":{"line":39,"column":6},"end":{"line":41,"column":7}},"17":{"start":{"line":40,"column":8},"end":{"line":40,"column":64}},"18":{"start":{"line":43,"column":6},"end":{"line":47,"column":8}},"19":{"start":{"line":50,"column":29},"end":{"line":61,"column":6}},"20":{"start":{"line":63,"column":4},"end":{"line":63,"column":55}},"21":{"start":{"line":67,"column":4},"end":{"line":67,"column":37}},"22":{"start":{"line":69,"column":26},"end":{"line":69,"column":85}},"23":{"start":{"line":70,"column":4},"end":{"line":72,"column":5}},"24":{"start":{"line":71,"column":6},"end":{"line":71,"column":84}},"25":{"start":{"line":74,"column":18},"end":{"line":74,"column":67}},"26":{"start":{"line":75,"column":4},"end":{"line":77,"column":5}},"27":{"start":{"line":76,"column":6},"end":{"line":76,"column":67}},"28":{"start":{"line":79,"column":4},"end":{"line":81,"column":5}},"29":{"start":{"line":80,"column":6},"end":{"line":80,"column":85}},"30":{"start":{"line":83,"column":27},"end":{"line":94,"column":6}},"31":{"start":{"line":96,"column":4},"end":{"line":96,"column":53}},"32":{"start":{"line":100,"column":20},"end":{"line":100,"column":66}},"33":{"start":{"line":101,"column":4},"end":{"line":103,"column":5}},"34":{"start":{"line":102,"column":6},"end":{"line":102,"column":64}},"35":{"start":{"line":105,"column":4},"end":{"line":107,"column":5}},"36":{"start":{"line":106,"column":6},"end":{"line":106,"column":62}},"37":{"start":{"line":109,"column":21},"end":{"line":109,"column":66}},"38":{"start":{"line":110,"column":4},"end":{"line":112,"column":5}},"39":{"start":{"line":111,"column":6},"end":{"line":111,"column":63}},"40":{"start":{"line":114,"column":37},"end":{"line":119,"column":6}},"41":{"start":{"line":121,"column":4},"end":{"line":121,"column":63}},"42":{"start":{"line":125,"column":20},"end":{"line":125,"column":66}},"43":{"start":{"line":126,"column":4},"end":{"line":128,"column":5}},"44":{"start":{"line":127,"column":6},"end":{"line":127,"column":64}},"45":{"start":{"line":130,"column":4},"end":{"line":132,"column":5}},"46":{"start":{"line":131,"column":6},"end":{"line":131,"column":62}},"47":{"start":{"line":134,"column":22},"end":{"line":134,"column":68}},"48":{"start":{"line":135,"column":4},"end":{"line":137,"column":5}},"49":{"start":{"line":136,"column":6},"end":{"line":136,"column":64}},"50":{"start":{"line":139,"column":38},"end":{"line":144,"column":6}},"51":{"start":{"line":146,"column":4},"end":{"line":146,"column":64}},"52":{"start":{"line":150,"column":4},"end":{"line":150,"column":63}},"53":{"start":{"line":154,"column":20},"end":{"line":154,"column":66}},"54":{"start":{"line":155,"column":4},"end":{"line":157,"column":5}},"55":{"start":{"line":156,"column":6},"end":{"line":156,"column":64}},"56":{"start":{"line":159,"column":4},"end":{"line":159,"column":60}},"57":{"start":{"line":163,"column":4},"end":{"line":165,"column":5}},"58":{"start":{"line":164,"column":6},"end":{"line":164,"column":44}},"59":{"start":{"line":166,"column":4},"end":{"line":168,"column":5}},"60":{"start":{"line":167,"column":6},"end":{"line":167,"column":46}},"61":{"start":{"line":169,"column":4},"end":{"line":171,"column":5}},"62":{"start":{"line":170,"column":6},"end":{"line":170,"column":53}},"63":{"start":{"line":172,"column":4},"end":{"line":174,"column":5}},"64":{"start":{"line":173,"column":6},"end":{"line":173,"column":50}},"65":{"start":{"line":178,"column":4},"end":{"line":180,"column":5}},"66":{"start":{"line":179,"column":6},"end":{"line":179,"column":55}},"67":{"start":{"line":181,"column":4},"end":{"line":183,"column":5}},"68":{"start":{"line":182,"column":6},"end":{"line":182,"column":46}},"69":{"start":{"line":184,"column":4},"end":{"line":186,"column":5}},"70":{"start":{"line":185,"column":6},"end":{"line":185,"column":51}},"71":{"start":{"line":12,"column":0},"end":{"line":12,"column":13}}},"fnMap":{"0":{"name":"(anonymous_0)","decl":{"start":{"line":13,"column":2},"end":{"line":13,"column":22}},"loc":{"start":{"line":13,"column":39},"end":{"line":13,"column":43}}},"1":{"name":"(anonymous_1)","decl":{"start":{"line":15,"column":2},"end":{"line":15,"column":7}},"loc":{"start":{"line":15,"column":43},"end":{"line":64,"column":3}}},"2":{"name":"(anonymous_2)","decl":{"start":{"line":66,"column":2},"end":{"line":66,"column":7}},"loc":{"start":{"line":66,"column":51},"end":{"line":97,"column":3}}},"3":{"name":"(anonymous_3)","decl":{"start":{"line":99,"column":2},"end":{"line":99,"column":7}},"loc":{"start":{"line":99,"column":60},"end":{"line":122,"column":3}}},"4":{"name":"(anonymous_4)","decl":{"start":{"line":124,"column":2},"end":{"line":124,"column":7}},"loc":{"start":{"line":124,"column":61},"end":{"line":147,"column":3}}},"5":{"name":"(anonymous_5)","decl":{"start":{"line":149,"column":2},"end":{"line":149,"column":7}},"loc":{"start":{"line":149,"column":63},"end":{"line":151,"column":3}}},"6":{"name":"(anonymous_6)","decl":{"start":{"line":153,"column":2},"end":{"line":153,"column":7}},"loc":{"start":{"line":153,"column":42},"end":{"line":160,"column":3}}},"7":{"name":"(anonymous_7)","decl":{"start":{"line":162,"column":10},"end":{"line":162,"column":34}},"loc":{"start":{"line":162,"column":59},"end":{"line":175,"column":3}}},"8":{"name":"(anonymous_8)","decl":{"start":{"line":177,"column":10},"end":{"line":177,"column":29}},"loc":{"start":{"line":177,"column":58},"end":{"line":187,"column":3}}}},"branchMap":{"0":{"loc":{"start":{"line":19,"column":4},"end":{"line":21,"column":5}},"type":"if","locations":[{"start":{"line":19,"column":4},"end":{"line":21,"column":5}}]},"1":{"loc":{"start":{"line":24,"column":4},"end":{"line":26,"column":5}},"type":"if","locations":[{"start":{"line":24,"column":4},"end":{"line":26,"column":5}}]},"2":{"loc":{"start":{"line":28,"column":4},"end":{"line":30,"column":5}},"type":"if","locations":[{"start":{"line":28,"column":4},"end":{"line":30,"column":5}}]},"3":{"loc":{"start":{"line":33,"column":4},"end":{"line":48,"column":5}},"type":"if","locations":[{"start":{"line":33,"column":4},"end":{"line":48,"column":5}}]},"4":{"loc":{"start":{"line":34,"column":6},"end":{"line":36,"column":7}},"type":"if","locations":[{"start":{"line":34,"column":6},"end":{"line":36,"column":7}}]},"5":{"loc":{"start":{"line":39,"column":6},"end":{"line":41,"column":7}},"type":"if","locations":[{"start":{"line":39,"column":6},"end":{"line":41,"column":7}}]},"6":{"loc":{"start":{"line":70,"column":4},"end":{"line":72,"column":5}},"type":"if","locations":[{"start":{"line":70,"column":4},"end":{"line":72,"column":5}}]},"7":{"loc":{"start":{"line":75,"column":4},"end":{"line":77,"column":5}},"type":"if","locations":[{"start":{"line":75,"column":4},"end":{"line":77,"column":5}}]},"8":{"loc":{"start":{"line":79,"column":4},"end":{"line":81,"column":5}},"type":"if","locations":[{"start":{"line":79,"column":4},"end":{"line":81,"column":5}}]},"9":{"loc":{"start":{"line":101,"column":4},"end":{"line":103,"column":5}},"type":"if","locations":[{"start":{"line":101,"column":4},"end":{"line":103,"column":5}}]},"10":{"loc":{"start":{"line":105,"column":4},"end":{"line":107,"column":5}},"type":"if","locations":[{"start":{"line":105,"column":4},"end":{"line":107,"column":5}}]},"11":{"loc":{"start":{"line":110,"column":4},"end":{"line":112,"column":5}},"type":"if","locations":[{"start":{"line":110,"column":4},"end":{"line":112,"column":5}}]},"12":{"loc":{"start":{"line":126,"column":4},"end":{"line":128,"column":5}},"type":"if","locations":[{"start":{"line":126,"column":4},"end":{"line":128,"column":5}}]},"13":{"loc":{"start":{"line":130,"column":4},"end":{"line":132,"column":5}},"type":"if","locations":[{"start":{"line":130,"column":4},"end":{"line":132,"column":5}}]},"14":{"loc":{"start":{"line":135,"column":4},"end":{"line":137,"column":5}},"type":"if","locations":[{"start":{"line":135,"column":4},"end":{"line":137,"column":5}}]},"15":{"loc":{"start":{"line":155,"column":4},"end":{"line":157,"column":5}},"type":"if","locations":[{"start":{"line":155,"column":4},"end":{"line":157,"column":5}}]},"16":{"loc":{"start":{"line":163,"column":4},"end":{"line":165,"column":5}},"type":"if","locations":[{"start":{"line":163,"column":4},"end":{"line":165,"column":5}}]},"17":{"loc":{"start":{"line":163,"column":8},"end":{"line":163,"column":57}},"type":"binary-expr","locations":[{"start":{"line":163,"column":8},"end":{"line":163,"column":21}},{"start":{"line":163,"column":25},"end":{"line":163,"column":57}}]},"18":{"loc":{"start":{"line":166,"column":4},"end":{"line":168,"column":5}},"type":"if","locations":[{"start":{"line":166,"column":4},"end":{"line":168,"column":5}}]},"19":{"loc":{"start":{"line":166,"column":8},"end":{"line":166,"column":61}},"type":"binary-expr","locations":[{"start":{"line":166,"column":8},"end":{"line":166,"column":23}},{"start":{"line":166,"column":27},"end":{"line":166,"column":61}}]},"20":{"loc":{"start":{"line":169,"column":4},"end":{"line":171,"column":5}},"type":"if","locations":[{"start":{"line":169,"column":4},"end":{"line":171,"column":5}}]},"21":{"loc":{"start":{"line":169,"column":8},"end":{"line":169,"column":61}},"type":"binary-expr","locations":[{"start":{"line":169,"column":8},"end":{"line":169,"column":23}},{"start":{"line":169,"column":27},"end":{"line":169,"column":61}}]},"22":{"loc":{"start":{"line":172,"column":4},"end":{"line":174,"column":5}},"type":"if","locations":[{"start":{"line":172,"column":4},"end":{"line":174,"column":5}}]},"23":{"loc":{"start":{"line":178,"column":4},"end":{"line":180,"column":5}},"type":"if","locations":[{"start":{"line":178,"column":4},"end":{"line":180,"column":5}}]},"24":{"loc":{"start":{"line":178,"column":8},"end":{"line":178,"column":77}},"type":"binary-expr","locations":[{"start":{"line":178,"column":8},"end":{"line":178,"column":31}},{"start":{"line":178,"column":35},"end":{"line":178,"column":77}}]},"25":{"loc":{"start":{"line":181,"column":4},"end":{"line":183,"column":5}},"type":"if","locations":[{"start":{"line":181,"column":4},"end":{"line":183,"column":5}}]},"26":{"loc":{"start":{"line":181,"column":8},"end":{"line":181,"column":61}},"type":"binary-expr","locations":[{"start":{"line":181,"column":8},"end":{"line":181,"column":23}},{"start":{"line":181,"column":27},"end":{"line":181,"column":61}}]},"27":{"loc":{"start":{"line":184,"column":4},"end":{"line":186,"column":5}},"type":"if","locations":[{"start":{"line":184,"column":4},"end":{"line":186,"column":5}}]},"28":{"loc":{"start":{"line":184,"column":8},"end":{"line":184,"column":61}},"type":"binary-expr","locations":[{"start":{"line":184,"column":8},"end":{"line":184,"column":23}},{"start":{"line":184,"column":27},"end":{"line":184,"column":61}}]}},"s":{"0":1,"1":1,"2":32,"3":15,"4":15,"5":15,"6":0,"7":15,"8":15,"9":1,"10":14,"11":1,"12":13,"13":2,"14":0,"15":2,"16":2,"17":1,"18":1,"19":12,"20":12,"21":3,"22":3,"23":3,"24":0,"25":3,"26":3,"27":0,"28":3,"29":0,"30":3,"31":3,"32":3,"33":3,"34":1,"35":2,"36":0,"37":2,"38":2,"39":0,"40":2,"41":2,"42":1,"43":1,"44":0,"45":1,"46":0,"47":1,"48":1,"49":0,"50":1,"51":1,"52":3,"53":2,"54":2,"55":1,"56":1,"57":15,"58":0,"59":15,"60":0,"61":15,"62":0,"63":15,"64":0,"65":3,"66":0,"67":3,"68":0,"69":3,"70":0,"71":1},"f":{"0":32,"1":15,"2":3,"3":3,"4":1,"5":3,"6":2,"7":15,"8":3},"b":{"0":[0],"1":[1],"2":[1],"3":[2],"4":[0],"5":[1],"6":[0],"7":[0],"8":[0],"9":[1],"10":[0],"11":[0],"12":[0],"13":[0],"14":[0],"15":[1],"16":[0],"17":[15,15],"18":[0],"19":[15,15],"20":[0],"21":[15,15],"22":[0],"23":[0],"24":[3,3],"25":[0],"26":[3,3],"27":[0],"28":[3,3]}}
,"/Users/antontcholakov/Projects/rfc-master/src/domain/services/review-service.ts": {"path":"/Users/antontcholakov/Projects/rfc-master/src/domain/services/review-service.ts","statementMap":{"0":{"start":{"line":1,"column":0},"end":{"line":1,"column":36}},"1":{"start":{"line":2,"column":0},"end":{"line":2,"column":null}},"2":{"start":{"line":11,"column":22},"end":{"line":11,"column":39}},"3":{"start":{"line":14,"column":4},"end":{"line":14,"column":39}},"4":{"start":{"line":16,"column":16},"end":{"line":16,"column":61}},"5":{"start":{"line":17,"column":4},"end":{"line":19,"column":5}},"6":{"start":{"line":18,"column":6},"end":{"line":18,"column":63}},"7":{"start":{"line":21,"column":25},"end":{"line":21,"column":80}},"8":{"start":{"line":22,"column":4},"end":{"line":24,"column":5}},"9":{"start":{"line":23,"column":6},"end":{"line":23,"column":82}},"10":{"start":{"line":26,"column":4},"end":{"line":34,"column":5}},"11":{"start":{"line":27,"column":20},"end":{"line":27,"column":65}},"12":{"start":{"line":28,"column":6},"end":{"line":30,"column":7}},"13":{"start":{"line":29,"column":8},"end":{"line":29,"column":74}},"14":{"start":{"line":31,"column":6},"end":{"line":33,"column":7}},"15":{"start":{"line":32,"column":8},"end":{"line":32,"column":82}},"16":{"start":{"line":36,"column":57},"end":{"line":36,"column":59}},"17":{"start":{"line":37,"column":4},"end":{"line":39,"column":5}},"18":{"start":{"line":38,"column":6},"end":{"line":38,"column":56}},"19":{"start":{"line":41,"column":41},"end":{"line":50,"column":6}},"20":{"start":{"line":52,"column":4},"end":{"line":52,"column":60}},"21":{"start":{"line":56,"column":4},"end":{"line":56,"column":38}},"22":{"start":{"line":58,"column":26},"end":{"line":58,"column":84}},"23":{"start":{"line":59,"column":4},"end":{"line":61,"column":5}},"24":{"start":{"line":60,"column":6},"end":{"line":60,"column":84}},"25":{"start":{"line":63,"column":4},"end":{"line":65,"column":5}},"26":{"start":{"line":64,"column":6},"end":{"line":64,"column":87}},"27":{"start":{"line":67,"column":4},"end":{"line":69,"column":5}},"28":{"start":{"line":68,"column":6},"end":{"line":68,"column":84}},"29":{"start":{"line":71,"column":26},"end":{"line":71,"column":70}},"30":{"start":{"line":72,"column":4},"end":{"line":74,"column":5}},"31":{"start":{"line":73,"column":6},"end":{"line":73,"column":84}},"32":{"start":{"line":76,"column":4},"end":{"line":78,"column":5}},"33":{"start":{"line":77,"column":6},"end":{"line":77,"column":52}},"34":{"start":{"line":80,"column":4},"end":{"line":85,"column":5}},"35":{"start":{"line":81,"column":6},"end":{"line":83,"column":7}},"36":{"start":{"line":82,"column":8},"end":{"line":82,"column":83}},"37":{"start":{"line":84,"column":6},"end":{"line":84,"column":50}},"38":{"start":{"line":87,"column":4},"end":{"line":87,"column":74}},"39":{"start":{"line":89,"column":25},"end":{"line":90,"column":57}},"40":{"start":{"line":90,"column":23},"end":{"line":90,"column":56}},"41":{"start":{"line":92,"column":4},"end":{"line":94,"column":5}},"42":{"start":{"line":93,"column":6},"end":{"line":93,"column":45}},"43":{"start":{"line":96,"column":4},"end":{"line":96,"column":53}},"44":{"start":{"line":100,"column":26},"end":{"line":100,"column":77}},"45":{"start":{"line":101,"column":4},"end":{"line":103,"column":5}},"46":{"start":{"line":102,"column":6},"end":{"line":102,"column":77}},"47":{"start":{"line":105,"column":4},"end":{"line":105,"column":40}},"48":{"start":{"line":109,"column":26},"end":{"line":109,"column":77}},"49":{"start":{"line":110,"column":4},"end":{"line":112,"column":5}},"50":{"start":{"line":111,"column":6},"end":{"line":111,"column":77}},"51":{"start":{"line":114,"column":4},"end":{"line":114,"column":39}},"52":{"start":{"line":118,"column":26},"end":{"line":118,"column":77}},"53":{"start":{"line":119,"column":4},"end":{"line":121,"column":5}},"54":{"start":{"line":120,"column":6},"end":{"line":120,"column":77}},"55":{"start":{"line":123,"column":4},"end":{"line":125,"column":5}},"56":{"start":{"line":124,"column":6},"end":{"line":124,"column":77}},"57":{"start":{"line":127,"column":26},"end":{"line":127,"column":63}},"58":{"start":{"line":128,"column":4},"end":{"line":130,"column":5}},"59":{"start":{"line":129,"column":6},"end":{"line":129,"column":77}},"60":{"start":{"line":132,"column":4},"end":{"line":132,"column":69}},"61":{"start":{"line":133,"column":4},"end":{"line":133,"column":53}},"62":{"start":{"line":137,"column":4},"end":{"line":137,"column":60}},"63":{"start":{"line":141,"column":4},"end":{"line":141,"column":54}},"64":{"start":{"line":145,"column":4},"end":{"line":147,"column":5}},"65":{"start":{"line":146,"column":6},"end":{"line":146,"column":44}},"66":{"start":{"line":148,"column":4},"end":{"line":150,"column":5}},"67":{"start":{"line":149,"column":6},"end":{"line":149,"column":50}},"68":{"start":{"line":151,"column":4},"end":{"line":153,"column":5}},"69":{"start":{"line":152,"column":6},"end":{"line":152,"column":59}},"70":{"start":{"line":154,"column":4},"end":{"line":156,"column":5}},"71":{"start":{"line":155,"column":6},"end":{"line":155,"column":63}},"72":{"start":{"line":160,"column":4},"end":{"line":162,"column":5}},"73":{"start":{"line":161,"column":6},"end":{"line":161,"column":55}},"74":{"start":{"line":163,"column":4},"end":{"line":165,"column":5}},"75":{"start":{"line":164,"column":6},"end":{"line":164,"column":46}},"76":{"start":{"line":166,"column":4},"end":{"line":168,"column":5}},"77":{"start":{"line":167,"column":6},"end":{"line":167,"column":52}},"78":{"start":{"line":10,"column":0},"end":{"line":10,"column":13}}},"fnMap":{"0":{"name":"(anonymous_0)","decl":{"start":{"line":11,"column":2},"end":{"line":11,"column":22}},"loc":{"start":{"line":11,"column":39},"end":{"line":11,"column":43}}},"1":{"name":"(anonymous_1)","decl":{"start":{"line":13,"column":2},"end":{"line":13,"column":7}},"loc":{"start":{"line":13,"column":49},"end":{"line":53,"column":3}}},"2":{"name":"(anonymous_2)","decl":{"start":{"line":55,"column":2},"end":{"line":55,"column":7}},"loc":{"start":{"line":55,"column":47},"end":{"line":97,"column":3}}},"3":{"name":"(anonymous_3)","decl":{"start":{"line":90,"column":13},"end":{"line":90,"column":19}},"loc":{"start":{"line":90,"column":23},"end":{"line":90,"column":56}}},"4":{"name":"(anonymous_4)","decl":{"start":{"line":99,"column":2},"end":{"line":99,"column":7}},"loc":{"start":{"line":99,"column":47},"end":{"line":106,"column":3}}},"5":{"name":"(anonymous_5)","decl":{"start":{"line":108,"column":2},"end":{"line":108,"column":7}},"loc":{"start":{"line":108,"column":48},"end":{"line":115,"column":3}}},"6":{"name":"(anonymous_6)","decl":{"start":{"line":117,"column":2},"end":{"line":117,"column":7}},"loc":{"start":{"line":117,"column":69},"end":{"line":134,"column":3}}},"7":{"name":"(anonymous_7)","decl":{"start":{"line":136,"column":2},"end":{"line":136,"column":7}},"loc":{"start":{"line":136,"column":43},"end":{"line":138,"column":3}}},"8":{"name":"(anonymous_8)","decl":{"start":{"line":140,"column":2},"end":{"line":140,"column":7}},"loc":{"start":{"line":140,"column":41},"end":{"line":142,"column":3}}},"9":{"name":"(anonymous_9)","decl":{"start":{"line":144,"column":10},"end":{"line":144,"column":31}},"loc":{"start":{"line":144,"column":59},"end":{"line":157,"column":3}}},"10":{"name":"(anonymous_10)","decl":{"start":{"line":159,"column":10},"end":{"line":159,"column":30}},"loc":{"start":{"line":159,"column":57},"end":{"line":169,"column":3}}}},"branchMap":{"0":{"loc":{"start":{"line":17,"column":4},"end":{"line":19,"column":5}},"type":"if","locations":[{"start":{"line":17,"column":4},"end":{"line":19,"column":5}}]},"1":{"loc":{"start":{"line":22,"column":4},"end":{"line":24,"column":5}},"type":"if","locations":[{"start":{"line":22,"column":4},"end":{"line":24,"column":5}}]},"2":{"loc":{"start":{"line":28,"column":6},"end":{"line":30,"column":7}},"type":"if","locations":[{"start":{"line":28,"column":6},"end":{"line":30,"column":7}}]},"3":{"loc":{"start":{"line":31,"column":6},"end":{"line":33,"column":7}},"type":"if","locations":[{"start":{"line":31,"column":6},"end":{"line":33,"column":7}}]},"4":{"loc":{"start":{"line":59,"column":4},"end":{"line":61,"column":5}},"type":"if","locations":[{"start":{"line":59,"column":4},"end":{"line":61,"column":5}}]},"5":{"loc":{"start":{"line":63,"column":4},"end":{"line":65,"column":5}},"type":"if","locations":[{"start":{"line":63,"column":4},"end":{"line":65,"column":5}}]},"6":{"loc":{"start":{"line":67,"column":4},"end":{"line":69,"column":5}},"type":"if","locations":[{"start":{"line":67,"column":4},"end":{"line":69,"column":5}}]},"7":{"loc":{"start":{"line":72,"column":4},"end":{"line":74,"column":5}},"type":"if","locations":[{"start":{"line":72,"column":4},"end":{"line":74,"column":5}}]},"8":{"loc":{"start":{"line":76,"column":4},"end":{"line":78,"column":5}},"type":"if","locations":[{"start":{"line":76,"column":4},"end":{"line":78,"column":5}}]},"9":{"loc":{"start":{"line":76,"column":8},"end":{"line":76,"column":69}},"type":"binary-expr","locations":[{"start":{"line":76,"column":8},"end":{"line":76,"column":30}},{"start":{"line":76,"column":34},"end":{"line":76,"column":69}}]},"10":{"loc":{"start":{"line":81,"column":6},"end":{"line":83,"column":7}},"type":"if","locations":[{"start":{"line":81,"column":6},"end":{"line":83,"column":7}}]},"11":{"loc":{"start":{"line":92,"column":4},"end":{"line":94,"column":5}},"type":"if","locations":[{"start":{"line":92,"column":4},"end":{"line":94,"column":5}}]},"12":{"loc":{"start":{"line":101,"column":4},"end":{"line":103,"column":5}},"type":"if","locations":[{"start":{"line":101,"column":4},"end":{"line":103,"column":5}}]},"13":{"loc":{"start":{"line":110,"column":4},"end":{"line":112,"column":5}},"type":"if","locations":[{"start":{"line":110,"column":4},"end":{"line":112,"column":5}}]},"14":{"loc":{"start":{"line":119,"column":4},"end":{"line":121,"column":5}},"type":"if","locations":[{"start":{"line":119,"column":4},"end":{"line":121,"column":5}}]},"15":{"loc":{"start":{"line":123,"column":4},"end":{"line":125,"column":5}},"type":"if","locations":[{"start":{"line":123,"column":4},"end":{"line":125,"column":5}}]},"16":{"loc":{"start":{"line":128,"column":4},"end":{"line":130,"column":5}},"type":"if","locations":[{"start":{"line":128,"column":4},"end":{"line":130,"column":5}}]},"17":{"loc":{"start":{"line":145,"column":4},"end":{"line":147,"column":5}},"type":"if","locations":[{"start":{"line":145,"column":4},"end":{"line":147,"column":5}}]},"18":{"loc":{"start":{"line":145,"column":8},"end":{"line":145,"column":57}},"type":"binary-expr","locations":[{"start":{"line":145,"column":8},"end":{"line":145,"column":21}},{"start":{"line":145,"column":25},"end":{"line":145,"column":57}}]},"19":{"loc":{"start":{"line":148,"column":4},"end":{"line":150,"column":5}},"type":"if","locations":[{"start":{"line":148,"column":4},"end":{"line":150,"column":5}}]},"20":{"loc":{"start":{"line":148,"column":8},"end":{"line":148,"column":69}},"type":"binary-expr","locations":[{"start":{"line":148,"column":8},"end":{"line":148,"column":27}},{"start":{"line":148,"column":31},"end":{"line":148,"column":69}}]},"21":{"loc":{"start":{"line":151,"column":4},"end":{"line":153,"column":5}},"type":"if","locations":[{"start":{"line":151,"column":4},"end":{"line":153,"column":5}}]},"22":{"loc":{"start":{"line":151,"column":8},"end":{"line":151,"column":72}},"type":"binary-expr","locations":[{"start":{"line":151,"column":8},"end":{"line":151,"column":32}},{"start":{"line":151,"column":36},"end":{"line":151,"column":72}}]},"23":{"loc":{"start":{"line":154,"column":4},"end":{"line":156,"column":5}},"type":"if","locations":[{"start":{"line":154,"column":4},"end":{"line":156,"column":5}}]},"24":{"loc":{"start":{"line":154,"column":8},"end":{"line":154,"column":56}},"type":"binary-expr","locations":[{"start":{"line":154,"column":8},"end":{"line":154,"column":23}},{"start":{"line":154,"column":27},"end":{"line":154,"column":56}}]},"25":{"loc":{"start":{"line":160,"column":4},"end":{"line":162,"column":5}},"type":"if","locations":[{"start":{"line":160,"column":4},"end":{"line":162,"column":5}}]},"26":{"loc":{"start":{"line":160,"column":8},"end":{"line":160,"column":77}},"type":"binary-expr","locations":[{"start":{"line":160,"column":8},"end":{"line":160,"column":31}},{"start":{"line":160,"column":35},"end":{"line":160,"column":77}}]},"27":{"loc":{"start":{"line":163,"column":4},"end":{"line":165,"column":5}},"type":"if","locations":[{"start":{"line":163,"column":4},"end":{"line":165,"column":5}}]},"28":{"loc":{"start":{"line":163,"column":8},"end":{"line":163,"column":61}},"type":"binary-expr","locations":[{"start":{"line":163,"column":8},"end":{"line":163,"column":23}},{"start":{"line":163,"column":27},"end":{"line":163,"column":61}}]},"29":{"loc":{"start":{"line":166,"column":4},"end":{"line":168,"column":5}},"type":"if","locations":[{"start":{"line":166,"column":4},"end":{"line":168,"column":5}}]}},"s":{"0":1,"1":1,"2":32,"3":7,"4":6,"5":6,"6":0,"7":6,"8":6,"9":1,"10":5,"11":8,"12":8,"13":0,"14":8,"15":0,"16":5,"17":5,"18":8,"19":5,"20":5,"21":5,"22":5,"23":5,"24":1,"25":4,"26":0,"27":4,"28":0,"29":4,"30":4,"31":0,"32":4,"33":1,"34":3,"35":1,"36":0,"37":1,"38":3,"39":3,"40":6,"41":3,"42":1,"43":3,"44":2,"45":2,"46":1,"47":1,"48":2,"49":2,"50":0,"51":2,"52":0,"53":0,"54":0,"55":0,"56":0,"57":0,"58":0,"59":0,"60":0,"61":0,"62":0,"63":0,"64":7,"65":0,"66":7,"67":0,"68":7,"69":0,"70":7,"71":1,"72":5,"73":0,"74":5,"75":0,"76":5,"77":0,"78":1},"f":{"0":32,"1":7,"2":5,"3":6,"4":2,"5":2,"6":0,"7":0,"8":0,"9":7,"10":5},"b":{"0":[0],"1":[1],"2":[0],"3":[0],"4":[1],"5":[0],"6":[0],"7":[0],"8":[1],"9":[4,1],"10":[0],"11":[1],"12":[1],"13":[0],"14":[0],"15":[0],"16":[0],"17":[0],"18":[7,7],"19":[0],"20":[7,7],"21":[0],"22":[7,7],"23":[1],"24":[7,3],"25":[0],"26":[5,5],"27":[0],"28":[5,5],"29":[0]}}
,"/Users/antontcholakov/Projects/rfc-master/src/domain/services/rfc-service.ts": {"path":"/Users/antontcholakov/Projects/rfc-master/src/domain/services/rfc-service.ts","statementMap":{"0":{"start":{"line":1,"column":0},"end":{"line":1,"column":36}},"1":{"start":{"line":2,"column":0},"end":{"line":2,"column":null}},"2":{"start":{"line":12,"column":22},"end":{"line":12,"column":39}},"3":{"start":{"line":15,"column":4},"end":{"line":15,"column":38}},"4":{"start":{"line":17,"column":21},"end":{"line":27,"column":6}},"5":{"start":{"line":29,"column":4},"end":{"line":29,"column":47}},"6":{"start":{"line":33,"column":24},"end":{"line":33,"column":62}},"7":{"start":{"line":34,"column":4},"end":{"line":36,"column":5}},"8":{"start":{"line":35,"column":6},"end":{"line":35,"column":56}},"9":{"start":{"line":38,"column":28},"end":{"line":44,"column":6}},"10":{"start":{"line":46,"column":4},"end":{"line":46,"column":54}},"11":{"start":{"line":50,"column":24},"end":{"line":50,"column":62}},"12":{"start":{"line":51,"column":4},"end":{"line":53,"column":5}},"13":{"start":{"line":52,"column":6},"end":{"line":52,"column":56}},"14":{"start":{"line":55,"column":4},"end":{"line":55,"column":62}},"15":{"start":{"line":57,"column":28},"end":{"line":61,"column":6}},"16":{"start":{"line":63,"column":4},"end":{"line":63,"column":54}},"17":{"start":{"line":67,"column":4},"end":{"line":67,"column":50}},"18":{"start":{"line":71,"column":4},"end":{"line":71,"column":64}},"19":{"start":{"line":75,"column":4},"end":{"line":75,"column":49}},"20":{"start":{"line":79,"column":16},"end":{"line":79,"column":61}},"21":{"start":{"line":80,"column":4},"end":{"line":82,"column":5}},"22":{"start":{"line":81,"column":6},"end":{"line":81,"column":63}},"23":{"start":{"line":84,"column":19},"end":{"line":84,"column":80}},"24":{"start":{"line":85,"column":4},"end":{"line":87,"column":5}},"25":{"start":{"line":86,"column":6},"end":{"line":86,"column":77}},"26":{"start":{"line":89,"column":21},"end":{"line":89,"column":32}},"27":{"start":{"line":90,"column":4},"end":{"line":100,"column":5}},"28":{"start":{"line":91,"column":6},"end":{"line":91,"column":74}},"29":{"start":{"line":93,"column":20},"end":{"line":93,"column":55}},"30":{"start":{"line":94,"column":6},"end":{"line":99,"column":7}},"31":{"start":{"line":95,"column":8},"end":{"line":98,"column":63}},"32":{"start":{"line":102,"column":4},"end":{"line":102,"column":65}},"33":{"start":{"line":106,"column":16},"end":{"line":106,"column":54}},"34":{"start":{"line":107,"column":4},"end":{"line":109,"column":5}},"35":{"start":{"line":108,"column":6},"end":{"line":108,"column":19}},"36":{"start":{"line":110,"column":4},"end":{"line":110,"column":38}},"37":{"start":{"line":114,"column":4},"end":{"line":116,"column":5}},"38":{"start":{"line":115,"column":6},"end":{"line":115,"column":47}},"39":{"start":{"line":117,"column":4},"end":{"line":119,"column":5}},"40":{"start":{"line":118,"column":6},"end":{"line":118,"column":49}},"41":{"start":{"line":120,"column":4},"end":{"line":122,"column":5}},"42":{"start":{"line":121,"column":6},"end":{"line":121,"column":48}},"43":{"start":{"line":123,"column":4},"end":{"line":125,"column":5}},"44":{"start":{"line":124,"column":6},"end":{"line":124,"column":53}},"45":{"start":{"line":129,"column":61},"end":{"line":135,"column":6}},"46":{"start":{"line":137,"column":31},"end":{"line":137,"column":62}},"47":{"start":{"line":138,"column":4},"end":{"line":142,"column":5}},"48":{"start":{"line":139,"column":6},"end":{"line":141,"column":8}},"49":{"start":{"line":11,"column":0},"end":{"line":11,"column":13}}},"fnMap":{"0":{"name":"(anonymous_0)","decl":{"start":{"line":12,"column":2},"end":{"line":12,"column":22}},"loc":{"start":{"line":12,"column":39},"end":{"line":12,"column":43}}},"1":{"name":"(anonymous_1)","decl":{"start":{"line":14,"column":2},"end":{"line":14,"column":7}},"loc":{"start":{"line":14,"column":41},"end":{"line":30,"column":3}}},"2":{"name":"(anonymous_2)","decl":{"start":{"line":32,"column":2},"end":{"line":32,"column":7}},"loc":{"start":{"line":32,"column":55},"end":{"line":47,"column":3}}},"3":{"name":"(anonymous_3)","decl":{"start":{"line":49,"column":2},"end":{"line":49,"column":7}},"loc":{"start":{"line":49,"column":56},"end":{"line":64,"column":3}}},"4":{"name":"(anonymous_4)","decl":{"start":{"line":66,"column":2},"end":{"line":66,"column":7}},"loc":{"start":{"line":66,"column":28},"end":{"line":68,"column":3}}},"5":{"name":"(anonymous_5)","decl":{"start":{"line":70,"column":2},"end":{"line":70,"column":7}},"loc":{"start":{"line":70,"column":52},"end":{"line":72,"column":3}}},"6":{"name":"(anonymous_6)","decl":{"start":{"line":74,"column":2},"end":{"line":74,"column":7}},"loc":{"start":{"line":74,"column":46},"end":{"line":76,"column":3}}},"7":{"name":"(anonymous_7)","decl":{"start":{"line":78,"column":2},"end":{"line":78,"column":7}},"loc":{"start":{"line":78,"column":49},"end":{"line":103,"column":3}}},"8":{"name":"(anonymous_8)","decl":{"start":{"line":105,"column":2},"end":{"line":105,"column":7}},"loc":{"start":{"line":105,"column":56},"end":{"line":111,"column":3}}},"9":{"name":"(anonymous_9)","decl":{"start":{"line":113,"column":10},"end":{"line":113,"column":30}},"loc":{"start":{"line":113,"column":54},"end":{"line":126,"column":3}}},"10":{"name":"(anonymous_10)","decl":{"start":{"line":128,"column":10},"end":{"line":128,"column":34}},"loc":{"start":{"line":128,"column":81},"end":{"line":143,"column":3}}}},"branchMap":{"0":{"loc":{"start":{"line":34,"column":4},"end":{"line":36,"column":5}},"type":"if","locations":[{"start":{"line":34,"column":4},"end":{"line":36,"column":5}}]},"1":{"loc":{"start":{"line":51,"column":4},"end":{"line":53,"column":5}},"type":"if","locations":[{"start":{"line":51,"column":4},"end":{"line":53,"column":5}}]},"2":{"loc":{"start":{"line":80,"column":4},"end":{"line":82,"column":5}},"type":"if","locations":[{"start":{"line":80,"column":4},"end":{"line":82,"column":5}}]},"3":{"loc":{"start":{"line":85,"column":4},"end":{"line":87,"column":5}},"type":"if","locations":[{"start":{"line":85,"column":4},"end":{"line":87,"column":5}}]},"4":{"loc":{"start":{"line":90,"column":4},"end":{"line":100,"column":5}},"type":"if","locations":[{"start":{"line":90,"column":4},"end":{"line":100,"column":5}},{"start":{"line":92,"column":11},"end":{"line":100,"column":5}}]},"5":{"loc":{"start":{"line":94,"column":6},"end":{"line":99,"column":7}},"type":"if","locations":[{"start":{"line":94,"column":6},"end":{"line":99,"column":7}}]},"6":{"loc":{"start":{"line":107,"column":4},"end":{"line":109,"column":5}},"type":"if","locations":[{"start":{"line":107,"column":4},"end":{"line":109,"column":5}}]},"7":{"loc":{"start":{"line":114,"column":4},"end":{"line":116,"column":5}},"type":"if","locations":[{"start":{"line":114,"column":4},"end":{"line":116,"column":5}}]},"8":{"loc":{"start":{"line":114,"column":8},"end":{"line":114,"column":57}},"type":"binary-expr","locations":[{"start":{"line":114,"column":8},"end":{"line":114,"column":21}},{"start":{"line":114,"column":25},"end":{"line":114,"column":57}}]},"9":{"loc":{"start":{"line":117,"column":4},"end":{"line":119,"column":5}},"type":"if","locations":[{"start":{"line":117,"column":4},"end":{"line":119,"column":5}}]},"10":{"loc":{"start":{"line":117,"column":8},"end":{"line":117,"column":61}},"type":"binary-expr","locations":[{"start":{"line":117,"column":8},"end":{"line":117,"column":23}},{"start":{"line":117,"column":27},"end":{"line":117,"column":61}}]},"11":{"loc":{"start":{"line":120,"column":4},"end":{"line":122,"column":5}},"type":"if","locations":[{"start":{"line":120,"column":4},"end":{"line":122,"column":5}}]},"12":{"loc":{"start":{"line":120,"column":8},"end":{"line":120,"column":59}},"type":"binary-expr","locations":[{"start":{"line":120,"column":8},"end":{"line":120,"column":22}},{"start":{"line":120,"column":26},"end":{"line":120,"column":59}}]},"13":{"loc":{"start":{"line":123,"column":4},"end":{"line":125,"column":5}},"type":"if","locations":[{"start":{"line":123,"column":4},"end":{"line":125,"column":5}}]},"14":{"loc":{"start":{"line":123,"column":8},"end":{"line":123,"column":75}},"type":"binary-expr","locations":[{"start":{"line":123,"column":8},"end":{"line":123,"column":30}},{"start":{"line":123,"column":34},"end":{"line":123,"column":75}}]},"15":{"loc":{"start":{"line":138,"column":4},"end":{"line":142,"column":5}},"type":"if","locations":[{"start":{"line":138,"column":4},"end":{"line":142,"column":5}}]}},"s":{"0":1,"1":1,"2":32,"3":29,"4":27,"5":27,"6":7,"7":7,"8":1,"9":6,"10":6,"11":3,"12":3,"13":0,"14":3,"15":2,"16":2,"17":1,"18":0,"19":3,"20":4,"21":4,"22":1,"23":3,"24":3,"25":1,"26":2,"27":2,"28":1,"29":1,"30":1,"31":1,"32":2,"33":5,"34":5,"35":0,"36":5,"37":29,"38":1,"39":28,"40":1,"41":27,"42":0,"43":27,"44":0,"45":3,"46":3,"47":3,"48":1,"49":1},"f":{"0":32,"1":29,"2":7,"3":3,"4":1,"5":0,"6":3,"7":4,"8":5,"9":29,"10":3},"b":{"0":[1],"1":[0],"2":[1],"3":[1],"4":[1,1],"5":[1],"6":[0],"7":[1],"8":[29,28],"9":[1],"10":[28,27],"11":[0],"12":[27,27],"13":[0],"14":[27,27],"15":[1]}}
,"/Users/antontcholakov/Projects/rfc-master/src/domain/storage/in-memory.ts": {"path":"/Users/antontcholakov/Projects/rfc-master/src/domain/storage/in-memory.ts","statementMap":{"0":{"start":{"line":18,"column":37},"end":{"line":18,"column":46}},"1":{"start":{"line":19,"column":45},"end":{"line":19,"column":54}},"2":{"start":{"line":22,"column":21},"end":{"line":22,"column":48}},"3":{"start":{"line":23,"column":4},"end":{"line":23,"column":23}},"4":{"start":{"line":24,"column":4},"end":{"line":24,"column":36}},"5":{"start":{"line":25,"column":4},"end":{"line":25,"column":41}},"6":{"start":{"line":26,"column":4},"end":{"line":26,"column":15}},"7":{"start":{"line":30,"column":21},"end":{"line":30,"column":48}},"8":{"start":{"line":31,"column":26},"end":{"line":31,"column":76}},"9":{"start":{"line":31,"column":50},"end":{"line":31,"column":75}},"10":{"start":{"line":33,"column":4},"end":{"line":37,"column":5}},"11":{"start":{"line":34,"column":6},"end":{"line":34,"column":36}},"12":{"start":{"line":36,"column":6},"end":{"line":36,"column":25}},"13":{"start":{"line":39,"column":4},"end":{"line":39,"column":36}},"14":{"start":{"line":41,"column":26},"end":{"line":42,"column":null}},"15":{"start":{"line":42,"column":6},"end":{"line":42,"column":57}},"16":{"start":{"line":44,"column":4},"end":{"line":44,"column":51}},"17":{"start":{"line":46,"column":4},"end":{"line":46,"column":15}},"18":{"start":{"line":50,"column":4},"end":{"line":50,"column":47}},"19":{"start":{"line":54,"column":21},"end":{"line":54,"column":44}},"20":{"start":{"line":55,"column":4},"end":{"line":55,"column":61}},"21":{"start":{"line":55,"column":30},"end":{"line":55,"column":51}},"22":{"start":{"line":59,"column":15},"end":{"line":59,"column":55}},"23":{"start":{"line":61,"column":4},"end":{"line":77,"column":5}},"24":{"start":{"line":62,"column":6},"end":{"line":64,"column":7}},"25":{"start":{"line":63,"column":8},"end":{"line":63,"column":65}},"26":{"start":{"line":63,"column":34},"end":{"line":63,"column":63}},"27":{"start":{"line":65,"column":6},"end":{"line":67,"column":7}},"28":{"start":{"line":66,"column":8},"end":{"line":66,"column":65}},"29":{"start":{"line":66,"column":34},"end":{"line":66,"column":63}},"30":{"start":{"line":68,"column":6},"end":{"line":70,"column":7}},"31":{"start":{"line":69,"column":8},"end":{"line":69,"column":81}},"32":{"start":{"line":69,"column":34},"end":{"line":69,"column":79}},"33":{"start":{"line":71,"column":6},"end":{"line":73,"column":7}},"34":{"start":{"line":72,"column":8},"end":{"line":72,"column":74}},"35":{"start":{"line":72,"column":34},"end":{"line":72,"column":72}},"36":{"start":{"line":74,"column":6},"end":{"line":76,"column":7}},"37":{"start":{"line":75,"column":8},"end":{"line":75,"column":75}},"38":{"start":{"line":75,"column":34},"end":{"line":75,"column":73}},"39":{"start":{"line":79,"column":4},"end":{"line":79,"column":16}},"40":{"start":{"line":84,"column":43},"end":{"line":84,"column":52}},"41":{"start":{"line":85,"column":50},"end":{"line":85,"column":59}},"42":{"start":{"line":86,"column":53},"end":{"line":86,"column":62}},"43":{"start":{"line":89,"column":4},"end":{"line":89,"column":43}},"44":{"start":{"line":91,"column":26},"end":{"line":91,"column":74}},"45":{"start":{"line":92,"column":4},"end":{"line":92,"column":34}},"46":{"start":{"line":93,"column":4},"end":{"line":93,"column":55}},"47":{"start":{"line":95,"column":4},"end":{"line":99,"column":5}},"48":{"start":{"line":96,"column":23},"end":{"line":96,"column":84}},"49":{"start":{"line":97,"column":6},"end":{"line":97,"column":31}},"50":{"start":{"line":98,"column":6},"end":{"line":98,"column":65}},"51":{"start":{"line":101,"column":4},"end":{"line":101,"column":19}},"52":{"start":{"line":105,"column":4},"end":{"line":105,"column":43}},"53":{"start":{"line":106,"column":4},"end":{"line":106,"column":19}},"54":{"start":{"line":110,"column":4},"end":{"line":110,"column":41}},"55":{"start":{"line":114,"column":23},"end":{"line":114,"column":63}},"56":{"start":{"line":115,"column":19},"end":{"line":117,"column":51}},"57":{"start":{"line":116,"column":17},"end":{"line":116,"column":38}},"58":{"start":{"line":117,"column":35},"end":{"line":117,"column":50}},"59":{"start":{"line":119,"column":4},"end":{"line":121,"column":5}},"60":{"start":{"line":120,"column":6},"end":{"line":120,"column":59}},"61":{"start":{"line":120,"column":38},"end":{"line":120,"column":57}},"62":{"start":{"line":123,"column":4},"end":{"line":123,"column":82}},"63":{"start":{"line":123,"column":35},"end":{"line":123,"column":80}},"64":{"start":{"line":127,"column":21},"end":{"line":127,"column":74}},"65":{"start":{"line":128,"column":4},"end":{"line":131,"column":69}},"66":{"start":{"line":129,"column":17},"end":{"line":129,"column":38}},"67":{"start":{"line":130,"column":35},"end":{"line":130,"column":50}},"68":{"start":{"line":131,"column":22},"end":{"line":131,"column":67}},"69":{"start":{"line":135,"column":30},"end":{"line":135,"column":32}},"70":{"start":{"line":136,"column":20},"end":{"line":136,"column":37}},"71":{"start":{"line":138,"column":24},"end":{"line":155,"column":5}},"72":{"start":{"line":139,"column":6},"end":{"line":139,"column":34}},"73":{"start":{"line":139,"column":27},"end":{"line":139,"column":34}},"74":{"start":{"line":140,"column":6},"end":{"line":140,"column":22}},"75":{"start":{"line":142,"column":22},"end":{"line":142,"column":44}},"76":{"start":{"line":143,"column":6},"end":{"line":143,"column":27}},"77":{"start":{"line":143,"column":20},"end":{"line":143,"column":27}},"78":{"start":{"line":145,"column":6},"end":{"line":147,"column":7}},"79":{"start":{"line":146,"column":8},"end":{"line":146,"column":51}},"80":{"start":{"line":149,"column":6},"end":{"line":149,"column":27}},"81":{"start":{"line":151,"column":23},"end":{"line":151,"column":49}},"82":{"start":{"line":152,"column":6},"end":{"line":154,"column":7}},"83":{"start":{"line":153,"column":8},"end":{"line":153,"column":36}},"84":{"start":{"line":157,"column":4},"end":{"line":157,"column":33}},"85":{"start":{"line":158,"column":4},"end":{"line":158,"column":18}},"86":{"start":{"line":163,"column":48},"end":{"line":163,"column":57}},"87":{"start":{"line":164,"column":49},"end":{"line":164,"column":58}},"88":{"start":{"line":167,"column":4},"end":{"line":167,"column":40}},"89":{"start":{"line":169,"column":25},"end":{"line":169,"column":71}},"90":{"start":{"line":170,"column":4},"end":{"line":170,"column":32}},"91":{"start":{"line":171,"column":4},"end":{"line":171,"column":52}},"92":{"start":{"line":173,"column":4},"end":{"line":173,"column":18}},"93":{"start":{"line":177,"column":4},"end":{"line":177,"column":40}},"94":{"start":{"line":178,"column":4},"end":{"line":178,"column":18}},"95":{"start":{"line":182,"column":4},"end":{"line":182,"column":40}},"96":{"start":{"line":186,"column":22},"end":{"line":186,"column":61}},"97":{"start":{"line":187,"column":4},"end":{"line":190,"column":69}},"98":{"start":{"line":188,"column":17},"end":{"line":188,"column":37}},"99":{"start":{"line":189,"column":41},"end":{"line":189,"column":56}},"100":{"start":{"line":190,"column":22},"end":{"line":190,"column":67}},"101":{"start":{"line":194,"column":20},"end":{"line":194,"column":46}},"102":{"start":{"line":195,"column":4},"end":{"line":195,"column":53}},"103":{"start":{"line":195,"column":29},"end":{"line":195,"column":43}},"104":{"start":{"line":200,"column":39},"end":{"line":200,"column":48}},"105":{"start":{"line":203,"column":4},"end":{"line":203,"column":37}},"106":{"start":{"line":204,"column":4},"end":{"line":204,"column":17}},"107":{"start":{"line":208,"column":4},"end":{"line":208,"column":39}},"108":{"start":{"line":212,"column":4},"end":{"line":212,"column":44}},"109":{"start":{"line":223,"column":4},"end":{"line":223,"column":41}},"110":{"start":{"line":224,"column":4},"end":{"line":224,"column":49}},"111":{"start":{"line":225,"column":4},"end":{"line":225,"column":47}},"112":{"start":{"line":226,"column":4},"end":{"line":226,"column":45}},"113":{"start":{"line":216,"column":0},"end":{"line":216,"column":13}}},"fnMap":{"0":{"name":"(anonymous_0)","decl":{"start":{"line":21,"column":2},"end":{"line":21,"column":7}},"loc":{"start":{"line":21,"column":23},"end":{"line":27,"column":3}}},"1":{"name":"(anonymous_1)","decl":{"start":{"line":29,"column":2},"end":{"line":29,"column":7}},"loc":{"start":{"line":29,"column":23},"end":{"line":47,"column":3}}},"2":{"name":"(anonymous_2)","decl":{"start":{"line":31,"column":45},"end":{"line":31,"column":46}},"loc":{"start":{"line":31,"column":50},"end":{"line":31,"column":75}}},"3":{"name":"(anonymous_3)","decl":{"start":{"line":41,"column":42},"end":{"line":41,"column":43}},"loc":{"start":{"line":42,"column":6},"end":{"line":42,"column":57}}},"4":{"name":"(anonymous_4)","decl":{"start":{"line":49,"column":2},"end":{"line":49,"column":7}},"loc":{"start":{"line":49,"column":26},"end":{"line":51,"column":3}}},"5":{"name":"(anonymous_5)","decl":{"start":{"line":53,"column":2},"end":{"line":53,"column":7}},"loc":{"start":{"line":53,"column":48},"end":{"line":56,"column":3}}},"6":{"name":"(anonymous_6)","decl":{"start":{"line":55,"column":25},"end":{"line":55,"column":26}},"loc":{"start":{"line":55,"column":30},"end":{"line":55,"column":51}}},"7":{"name":"(anonymous_7)","decl":{"start":{"line":58,"column":2},"end":{"line":58,"column":7}},"loc":{"start":{"line":58,"column":42},"end":{"line":80,"column":3}}},"8":{"name":"(anonymous_8)","decl":{"start":{"line":63,"column":27},"end":{"line":63,"column":30}},"loc":{"start":{"line":63,"column":34},"end":{"line":63,"column":63}}},"9":{"name":"(anonymous_9)","decl":{"start":{"line":66,"column":27},"end":{"line":66,"column":30}},"loc":{"start":{"line":66,"column":34},"end":{"line":66,"column":63}}},"10":{"name":"(anonymous_10)","decl":{"start":{"line":69,"column":27},"end":{"line":69,"column":30}},"loc":{"start":{"line":69,"column":34},"end":{"line":69,"column":79}}},"11":{"name":"(anonymous_11)","decl":{"start":{"line":72,"column":27},"end":{"line":72,"column":30}},"loc":{"start":{"line":72,"column":34},"end":{"line":72,"column":72}}},"12":{"name":"(anonymous_12)","decl":{"start":{"line":75,"column":27},"end":{"line":75,"column":30}},"loc":{"start":{"line":75,"column":34},"end":{"line":75,"column":73}}},"13":{"name":"(anonymous_13)","decl":{"start":{"line":88,"column":2},"end":{"line":88,"column":7}},"loc":{"start":{"line":88,"column":31},"end":{"line":102,"column":3}}},"14":{"name":"(anonymous_14)","decl":{"start":{"line":104,"column":2},"end":{"line":104,"column":7}},"loc":{"start":{"line":104,"column":31},"end":{"line":107,"column":3}}},"15":{"name":"(anonymous_15)","decl":{"start":{"line":109,"column":2},"end":{"line":109,"column":7}},"loc":{"start":{"line":109,"column":26},"end":{"line":111,"column":3}}},"16":{"name":"(anonymous_16)","decl":{"start":{"line":113,"column":2},"end":{"line":113,"column":7}},"loc":{"start":{"line":113,"column":54},"end":{"line":124,"column":3}}},"17":{"name":"(anonymous_17)","decl":{"start":{"line":116,"column":11},"end":{"line":116,"column":13}},"loc":{"start":{"line":116,"column":17},"end":{"line":116,"column":38}}},"18":{"name":"(anonymous_18)","decl":{"start":{"line":117,"column":14},"end":{"line":117,"column":15}},"loc":{"start":{"line":117,"column":35},"end":{"line":117,"column":50}}},"19":{"name":"(anonymous_19)","decl":{"start":{"line":120,"column":33},"end":{"line":120,"column":34}},"loc":{"start":{"line":120,"column":38},"end":{"line":120,"column":57}}},"20":{"name":"(anonymous_20)","decl":{"start":{"line":123,"column":25},"end":{"line":123,"column":26}},"loc":{"start":{"line":123,"column":35},"end":{"line":123,"column":80}}},"21":{"name":"(anonymous_21)","decl":{"start":{"line":126,"column":2},"end":{"line":126,"column":7}},"loc":{"start":{"line":126,"column":43},"end":{"line":132,"column":3}}},"22":{"name":"(anonymous_22)","decl":{"start":{"line":129,"column":11},"end":{"line":129,"column":13}},"loc":{"start":{"line":129,"column":17},"end":{"line":129,"column":38}}},"23":{"name":"(anonymous_23)","decl":{"start":{"line":130,"column":14},"end":{"line":130,"column":15}},"loc":{"start":{"line":130,"column":35},"end":{"line":130,"column":50}}},"24":{"name":"(anonymous_24)","decl":{"start":{"line":131,"column":12},"end":{"line":131,"column":13}},"loc":{"start":{"line":131,"column":22},"end":{"line":131,"column":67}}},"25":{"name":"(anonymous_25)","decl":{"start":{"line":134,"column":2},"end":{"line":134,"column":7}},"loc":{"start":{"line":134,"column":35},"end":{"line":159,"column":3}}},"26":{"name":"(anonymous_26)","decl":{"start":{"line":138,"column":24},"end":{"line":138,"column":29}},"loc":{"start":{"line":138,"column":45},"end":{"line":155,"column":5}}},"27":{"name":"(anonymous_27)","decl":{"start":{"line":166,"column":2},"end":{"line":166,"column":7}},"loc":{"start":{"line":166,"column":36},"end":{"line":174,"column":3}}},"28":{"name":"(anonymous_28)","decl":{"start":{"line":176,"column":2},"end":{"line":176,"column":7}},"loc":{"start":{"line":176,"column":36},"end":{"line":179,"column":3}}},"29":{"name":"(anonymous_29)","decl":{"start":{"line":181,"column":2},"end":{"line":181,"column":7}},"loc":{"start":{"line":181,"column":26},"end":{"line":183,"column":3}}},"30":{"name":"(anonymous_30)","decl":{"start":{"line":185,"column":2},"end":{"line":185,"column":7}},"loc":{"start":{"line":185,"column":30},"end":{"line":191,"column":3}}},"31":{"name":"(anonymous_31)","decl":{"start":{"line":188,"column":11},"end":{"line":188,"column":13}},"loc":{"start":{"line":188,"column":17},"end":{"line":188,"column":37}}},"32":{"name":"(anonymous_32)","decl":{"start":{"line":189,"column":14},"end":{"line":189,"column":15}},"loc":{"start":{"line":189,"column":41},"end":{"line":189,"column":56}}},"33":{"name":"(anonymous_33)","decl":{"start":{"line":190,"column":12},"end":{"line":190,"column":13}},"loc":{"start":{"line":190,"column":22},"end":{"line":190,"column":67}}},"34":{"name":"(anonymous_34)","decl":{"start":{"line":193,"column":2},"end":{"line":193,"column":7}},"loc":{"start":{"line":193,"column":36},"end":{"line":196,"column":3}}},"35":{"name":"(anonymous_35)","decl":{"start":{"line":195,"column":24},"end":{"line":195,"column":25}},"loc":{"start":{"line":195,"column":29},"end":{"line":195,"column":43}}},"36":{"name":"(anonymous_36)","decl":{"start":{"line":202,"column":2},"end":{"line":202,"column":7}},"loc":{"start":{"line":202,"column":27},"end":{"line":205,"column":3}}},"37":{"name":"(anonymous_37)","decl":{"start":{"line":207,"column":2},"end":{"line":207,"column":7}},"loc":{"start":{"line":207,"column":26},"end":{"line":209,"column":3}}},"38":{"name":"(anonymous_38)","decl":{"start":{"line":211,"column":2},"end":{"line":211,"column":7}},"loc":{"start":{"line":211,"column":12},"end":{"line":213,"column":3}}},"39":{"name":"(anonymous_39)","decl":{"start":{"line":222,"column":2},"end":{"line":222,"column":null}},"loc":{"start":{"line":222,"column":2},"end":{"line":227,"column":3}}}},"branchMap":{"0":{"loc":{"start":{"line":22,"column":21},"end":{"line":22,"column":48}},"type":"binary-expr","locations":[{"start":{"line":22,"column":21},"end":{"line":22,"column":42}},{"start":{"line":22,"column":46},"end":{"line":22,"column":48}}]},"1":{"loc":{"start":{"line":30,"column":21},"end":{"line":30,"column":48}},"type":"binary-expr","locations":[{"start":{"line":30,"column":21},"end":{"line":30,"column":42}},{"start":{"line":30,"column":46},"end":{"line":30,"column":48}}]},"2":{"loc":{"start":{"line":33,"column":4},"end":{"line":37,"column":5}},"type":"if","locations":[{"start":{"line":33,"column":4},"end":{"line":37,"column":5}},{"start":{"line":35,"column":11},"end":{"line":37,"column":5}}]},"3":{"loc":{"start":{"line":42,"column":6},"end":{"line":42,"column":57}},"type":"cond-expr","locations":[{"start":{"line":42,"column":41},"end":{"line":42,"column":48}},{"start":{"line":42,"column":51},"end":{"line":42,"column":57}}]},"4":{"loc":{"start":{"line":50,"column":11},"end":{"line":50,"column":46}},"type":"binary-expr","locations":[{"start":{"line":50,"column":11},"end":{"line":50,"column":38}},{"start":{"line":50,"column":42},"end":{"line":50,"column":46}}]},"5":{"loc":{"start":{"line":54,"column":21},"end":{"line":54,"column":44}},"type":"binary-expr","locations":[{"start":{"line":54,"column":21},"end":{"line":54,"column":38}},{"start":{"line":54,"column":42},"end":{"line":54,"column":44}}]},"6":{"loc":{"start":{"line":55,"column":11},"end":{"line":55,"column":60}},"type":"binary-expr","locations":[{"start":{"line":55,"column":11},"end":{"line":55,"column":52}},{"start":{"line":55,"column":56},"end":{"line":55,"column":60}}]},"7":{"loc":{"start":{"line":61,"column":4},"end":{"line":77,"column":5}},"type":"if","locations":[{"start":{"line":61,"column":4},"end":{"line":77,"column":5}}]},"8":{"loc":{"start":{"line":62,"column":6},"end":{"line":64,"column":7}},"type":"if","locations":[{"start":{"line":62,"column":6},"end":{"line":64,"column":7}}]},"9":{"loc":{"start":{"line":65,"column":6},"end":{"line":67,"column":7}},"type":"if","locations":[{"start":{"line":65,"column":6},"end":{"line":67,"column":7}}]},"10":{"loc":{"start":{"line":68,"column":6},"end":{"line":70,"column":7}},"type":"if","locations":[{"start":{"line":68,"column":6},"end":{"line":70,"column":7}}]},"11":{"loc":{"start":{"line":71,"column":6},"end":{"line":73,"column":7}},"type":"if","locations":[{"start":{"line":71,"column":6},"end":{"line":73,"column":7}}]},"12":{"loc":{"start":{"line":74,"column":6},"end":{"line":76,"column":7}},"type":"if","locations":[{"start":{"line":74,"column":6},"end":{"line":76,"column":7}}]},"13":{"loc":{"start":{"line":91,"column":26},"end":{"line":91,"column":74}},"type":"binary-expr","locations":[{"start":{"line":91,"column":26},"end":{"line":91,"column":61}},{"start":{"line":91,"column":65},"end":{"line":91,"column":74}}]},"14":{"loc":{"start":{"line":95,"column":4},"end":{"line":99,"column":5}},"type":"if","locations":[{"start":{"line":95,"column":4},"end":{"line":99,"column":5}}]},"15":{"loc":{"start":{"line":96,"column":23},"end":{"line":96,"column":84}},"type":"binary-expr","locations":[{"start":{"line":96,"column":23},"end":{"line":96,"column":71}},{"start":{"line":96,"column":75},"end":{"line":96,"column":84}}]},"16":{"loc":{"start":{"line":110,"column":11},"end":{"line":110,"column":40}},"type":"binary-expr","locations":[{"start":{"line":110,"column":11},"end":{"line":110,"column":32}},{"start":{"line":110,"column":36},"end":{"line":110,"column":40}}]},"17":{"loc":{"start":{"line":114,"column":23},"end":{"line":114,"column":63}},"type":"binary-expr","locations":[{"start":{"line":114,"column":23},"end":{"line":114,"column":50}},{"start":{"line":114,"column":54},"end":{"line":114,"column":63}}]},"18":{"loc":{"start":{"line":119,"column":4},"end":{"line":121,"column":5}},"type":"if","locations":[{"start":{"line":119,"column":4},"end":{"line":121,"column":5}}]},"19":{"loc":{"start":{"line":127,"column":21},"end":{"line":127,"column":74}},"type":"binary-expr","locations":[{"start":{"line":127,"column":21},"end":{"line":127,"column":61}},{"start":{"line":127,"column":65},"end":{"line":127,"column":74}}]},"20":{"loc":{"start":{"line":139,"column":6},"end":{"line":139,"column":34}},"type":"if","locations":[{"start":{"line":139,"column":6},"end":{"line":139,"column":34}}]},"21":{"loc":{"start":{"line":143,"column":6},"end":{"line":143,"column":27}},"type":"if","locations":[{"start":{"line":143,"column":6},"end":{"line":143,"column":27}}]},"22":{"loc":{"start":{"line":145,"column":6},"end":{"line":147,"column":7}},"type":"if","locations":[{"start":{"line":145,"column":6},"end":{"line":147,"column":7}}]},"23":{"loc":{"start":{"line":145,"column":10},"end":{"line":145,"column":74}},"type":"binary-expr","locations":[{"start":{"line":145,"column":10},"end":{"line":145,"column":33}},{"start":{"line":145,"column":37},"end":{"line":145,"column":74}}]},"24":{"loc":{"start":{"line":169,"column":25},"end":{"line":169,"column":71}},"type":"binary-expr","locations":[{"start":{"line":169,"column":25},"end":{"line":169,"column":58}},{"start":{"line":169,"column":62},"end":{"line":169,"column":71}}]},"25":{"loc":{"start":{"line":182,"column":11},"end":{"line":182,"column":39}},"type":"binary-expr","locations":[{"start":{"line":182,"column":11},"end":{"line":182,"column":31}},{"start":{"line":182,"column":35},"end":{"line":182,"column":39}}]},"26":{"loc":{"start":{"line":186,"column":22},"end":{"line":186,"column":61}},"type":"binary-expr","locations":[{"start":{"line":186,"column":22},"end":{"line":186,"column":48}},{"start":{"line":186,"column":52},"end":{"line":186,"column":61}}]},"27":{"loc":{"start":{"line":195,"column":11},"end":{"line":195,"column":52}},"type":"binary-expr","locations":[{"start":{"line":195,"column":11},"end":{"line":195,"column":44}},{"start":{"line":195,"column":48},"end":{"line":195,"column":52}}]},"28":{"loc":{"start":{"line":208,"column":11},"end":{"line":208,"column":38}},"type":"binary-expr","locations":[{"start":{"line":208,"column":11},"end":{"line":208,"column":30}},{"start":{"line":208,"column":34},"end":{"line":208,"column":38}}]}},"s":{"0":32,"1":32,"2":27,"3":27,"4":27,"5":27,"6":27,"7":8,"8":8,"9":10,"10":8,"11":4,"12":4,"13":8,"14":8,"15":6,"16":8,"17":8,"18":41,"19":0,"20":0,"21":0,"22":3,"23":3,"24":2,"25":0,"26":0,"27":2,"28":1,"29":3,"30":2,"31":1,"32":3,"33":2,"34":0,"35":0,"36":2,"37":0,"38":0,"39":3,"40":32,"41":32,"42":32,"43":16,"44":16,"45":16,"46":16,"47":16,"48":3,"49":3,"50":3,"51":16,"52":3,"53":3,"54":12,"55":3,"56":3,"57":7,"58":7,"59":3,"60":2,"61":4,"62":3,"63":2,"64":3,"65":3,"66":2,"67":2,"68":1,"69":1,"70":1,"71":1,"72":3,"73":0,"74":3,"75":3,"76":3,"77":0,"78":3,"79":0,"80":3,"81":3,"82":3,"83":2,"84":1,"85":1,"86":32,"87":32,"88":5,"89":5,"90":5,"91":5,"92":5,"93":3,"94":3,"95":9,"96":6,"97":6,"98":1,"99":1,"100":0,"101":6,"102":6,"103":1,"104":32,"105":100,"106":100,"107":29,"108":1,"109":32,"110":32,"111":32,"112":32,"113":1},"f":{"0":27,"1":8,"2":10,"3":6,"4":41,"5":0,"6":0,"7":3,"8":0,"9":3,"10":3,"11":0,"12":0,"13":16,"14":3,"15":12,"16":3,"17":7,"18":7,"19":4,"20":2,"21":3,"22":2,"23":2,"24":1,"25":1,"26":3,"27":5,"28":3,"29":9,"30":6,"31":1,"32":1,"33":0,"34":6,"35":1,"36":100,"37":29,"38":1,"39":32},"b":{"0":[27,27],"1":[8,0],"2":[4,4],"3":[6,0],"4":[41,2],"5":[0,0],"6":[0,0],"7":[2],"8":[0],"9":[1],"10":[1],"11":[0],"12":[0],"13":[16,8],"14":[3],"15":[3,2],"16":[12,2],"17":[3,0],"18":[2],"19":[3,2],"20":[0],"21":[0],"22":[0],"23":[3,2],"24":[5,5],"25":[9,2],"26":[6,5],"27":[6,5],"28":[29,1]}}
}
