TN:
SF:src/domain/rfc-domain-model.ts
FN:30,(anonymous_4)
FN:38,(anonymous_5)
FN:47,(anonymous_6)
FN:51,(anonymous_7)
FN:55,(anonymous_8)
FN:59,(anonymous_9)
FN:63,(anonymous_10)
FN:67,(anonymous_11)
FN:71,(anonymous_12)
FN:75,(anonymous_13)
FN:79,(anonymous_14)
FN:83,(anonymous_15)
FN:87,(anonymous_16)
FN:91,(anonymous_17)
FN:95,(anonymous_18)
FN:99,(anonymous_19)
FN:103,(anonymous_20)
FN:107,(anonymous_21)
FN:111,(anonymous_22)
FN:115,(anonymous_23)
FN:119,(anonymous_24)
FNF:21
FNH:20
FNDA:32,(anonymous_4)
FNDA:29,(anonymous_5)
FNDA:5,(anonymous_6)
FNDA:3,(anonymous_7)
FNDA:1,(anonymous_8)
FNDA:3,(anonymous_9)
FNDA:15,(anonymous_10)
FNDA:3,(anonymous_11)
FNDA:3,(anonymous_12)
FNDA:1,(anonymous_13)
FNDA:3,(anonymous_14)
FNDA:2,(anonymous_15)
FNDA:7,(anonymous_16)
FNDA:5,(anonymous_17)
FNDA:2,(anonymous_18)
FNDA:2,(anonymous_19)
FNDA:4,(anonymous_20)
FNDA:2,(anonymous_21)
FNDA:100,(anonymous_22)
FNDA:0,(anonymous_23)
FNDA:1,(anonymous_24)
DA:2,1
DA:3,1
DA:4,1
DA:5,1
DA:6,1
DA:23,1
DA:31,32
DA:32,32
DA:33,32
DA:34,32
DA:35,32
DA:39,29
DA:48,5
DA:52,3
DA:56,1
DA:60,3
DA:64,15
DA:68,3
DA:72,3
DA:76,1
DA:80,3
DA:84,2
DA:88,7
DA:92,5
DA:96,2
DA:100,2
DA:104,4
DA:108,2
DA:112,100
DA:116,0
DA:120,1
DA:124,1
LF:32
LH:31
BRDA:31,0,0,32
BRDA:31,0,1,32
BRF:2
BRH:2
end_of_record
TN:
SF:src/domain/types.ts
FN:1,(anonymous_0)
FN:9,(anonymous_1)
FN:15,(anonymous_2)
FN:20,(anonymous_3)
FN:26,(anonymous_4)
FNF:5
FNH:5
FNDA:1,(anonymous_0)
FNDA:1,(anonymous_1)
FNDA:1,(anonymous_2)
FNDA:1,(anonymous_3)
FNDA:1,(anonymous_4)
DA:1,1
DA:2,1
DA:3,1
DA:4,1
DA:5,1
DA:6,1
DA:9,1
DA:10,1
DA:11,1
DA:12,1
DA:15,1
DA:16,1
DA:17,1
DA:20,1
DA:21,1
DA:22,1
DA:23,1
DA:26,1
DA:27,1
DA:28,1
DA:29,1
DA:30,1
DA:31,1
DA:32,1
LF:24
LH:24
BRDA:1,0,0,1
BRDA:1,0,1,1
BRDA:9,1,0,1
BRDA:9,1,1,1
BRDA:15,2,0,1
BRDA:15,2,1,1
BRDA:20,3,0,1
BRDA:20,3,1,1
BRDA:26,4,0,1
BRDA:26,4,1,1
BRF:10
BRH:10
end_of_record
TN:
SF:src/domain/services/agent-service.ts
FN:6,(anonymous_0)
FN:8,(anonymous_1)
FN:32,(anonymous_2)
FN:36,(anonymous_3)
FN:40,(anonymous_4)
FNF:5
FNH:4
FNDA:32,(anonymous_0)
FNDA:100,(anonymous_1)
FNDA:0,(anonymous_2)
FNDA:1,(anonymous_3)
FNDA:100,(anonymous_4)
DA:1,1
DA:2,1
DA:5,1
DA:6,32
DA:13,100
DA:14,0
DA:17,100
DA:18,100
DA:29,100
DA:33,0
DA:37,1
DA:41,100
DA:43,33
DA:53,67
DA:59,0
LF:15
LH:12
BRDA:13,0,0,0
BRDA:13,1,0,100
BRDA:13,1,1,100
BRDA:41,2,0,33
BRDA:41,2,1,33
BRDA:41,2,2,67
BRDA:41,2,3,67
BRDA:41,2,4,67
BRDA:41,2,5,67
BRDA:41,2,6,0
BRF:10
BRH:8
end_of_record
TN:
SF:src/domain/services/comment-service.ts
FN:13,(anonymous_0)
FN:15,(anonymous_1)
FN:66,(anonymous_2)
FN:99,(anonymous_3)
FN:124,(anonymous_4)
FN:149,(anonymous_5)
FN:153,(anonymous_6)
FN:162,(anonymous_7)
FN:177,(anonymous_8)
FNF:9
FNH:9
FNDA:32,(anonymous_0)
FNDA:15,(anonymous_1)
FNDA:3,(anonymous_2)
FNDA:3,(anonymous_3)
FNDA:1,(anonymous_4)
FNDA:3,(anonymous_5)
FNDA:2,(anonymous_6)
FNDA:15,(anonymous_7)
FNDA:3,(anonymous_8)
DA:1,1
DA:2,1
DA:12,1
DA:13,32
DA:16,15
DA:18,15
DA:19,15
DA:20,0
DA:23,15
DA:24,15
DA:25,1
DA:28,14
DA:29,1
DA:33,13
DA:34,2
DA:35,0
DA:38,2
DA:39,2
DA:40,1
DA:43,1
DA:50,12
DA:63,12
DA:67,3
DA:69,3
DA:70,3
DA:71,0
DA:74,3
DA:75,3
DA:76,0
DA:79,3
DA:80,0
DA:83,3
DA:96,3
DA:100,3
DA:101,3
DA:102,1
DA:105,2
DA:106,0
DA:109,2
DA:110,2
DA:111,0
DA:114,2
DA:121,2
DA:125,1
DA:126,1
DA:127,0
DA:130,1
DA:131,0
DA:134,1
DA:135,1
DA:136,0
DA:139,1
DA:146,1
DA:150,3
DA:154,2
DA:155,2
DA:156,1
DA:159,1
DA:163,15
DA:164,0
DA:166,15
DA:167,0
DA:169,15
DA:170,0
DA:172,15
DA:173,0
DA:178,3
DA:179,0
DA:181,3
DA:182,0
DA:184,3
DA:185,0
LF:72
LH:55
BRDA:19,0,0,0
BRDA:24,1,0,1
BRDA:28,2,0,1
BRDA:33,3,0,2
BRDA:34,4,0,0
BRDA:39,5,0,1
BRDA:70,6,0,0
BRDA:75,7,0,0
BRDA:79,8,0,0
BRDA:101,9,0,1
BRDA:105,10,0,0
BRDA:110,11,0,0
BRDA:126,12,0,0
BRDA:130,13,0,0
BRDA:135,14,0,0
BRDA:155,15,0,1
BRDA:163,16,0,0
BRDA:163,17,0,15
BRDA:163,17,1,15
BRDA:166,18,0,0
BRDA:166,19,0,15
BRDA:166,19,1,15
BRDA:169,20,0,0
BRDA:169,21,0,15
BRDA:169,21,1,15
BRDA:172,22,0,0
BRDA:178,23,0,0
BRDA:178,24,0,3
BRDA:178,24,1,3
BRDA:181,25,0,0
BRDA:181,26,0,3
BRDA:181,26,1,3
BRDA:184,27,0,0
BRDA:184,28,0,3
BRDA:184,28,1,3
BRF:35
BRH:18
end_of_record
TN:
SF:src/domain/services/review-service.ts
FN:11,(anonymous_0)
FN:13,(anonymous_1)
FN:55,(anonymous_2)
FN:90,(anonymous_3)
FN:99,(anonymous_4)
FN:108,(anonymous_5)
FN:117,(anonymous_6)
FN:136,(anonymous_7)
FN:140,(anonymous_8)
FN:144,(anonymous_9)
FN:159,(anonymous_10)
FNF:11
FNH:8
FNDA:32,(anonymous_0)
FNDA:7,(anonymous_1)
FNDA:5,(anonymous_2)
FNDA:6,(anonymous_3)
FNDA:2,(anonymous_4)
FNDA:2,(anonymous_5)
FNDA:0,(anonymous_6)
FNDA:0,(anonymous_7)
FNDA:0,(anonymous_8)
FNDA:7,(anonymous_9)
FNDA:5,(anonymous_10)
DA:1,1
DA:2,1
DA:10,1
DA:11,32
DA:14,7
DA:16,6
DA:17,6
DA:18,0
DA:21,6
DA:22,6
DA:23,1
DA:26,5
DA:27,8
DA:28,8
DA:29,0
DA:31,8
DA:32,0
DA:36,5
DA:37,5
DA:38,8
DA:41,5
DA:52,5
DA:56,5
DA:58,5
DA:59,5
DA:60,1
DA:63,4
DA:64,0
DA:67,4
DA:68,0
DA:71,4
DA:72,4
DA:73,0
DA:76,4
DA:77,1
DA:80,3
DA:81,1
DA:82,0
DA:84,1
DA:87,3
DA:89,3
DA:90,6
DA:92,3
DA:93,1
DA:96,3
DA:100,2
DA:101,2
DA:102,1
DA:105,1
DA:109,2
DA:110,2
DA:111,0
DA:114,2
DA:118,0
DA:119,0
DA:120,0
DA:123,0
DA:124,0
DA:127,0
DA:128,0
DA:129,0
DA:132,0
DA:133,0
DA:137,0
DA:141,0
DA:145,7
DA:146,0
DA:148,7
DA:149,0
DA:151,7
DA:152,0
DA:154,7
DA:155,1
DA:160,5
DA:161,0
DA:163,5
DA:164,0
DA:166,5
DA:167,0
LF:79
LH:53
BRDA:17,0,0,0
BRDA:22,1,0,1
BRDA:28,2,0,0
BRDA:31,3,0,0
BRDA:59,4,0,1
BRDA:63,5,0,0
BRDA:67,6,0,0
BRDA:72,7,0,0
BRDA:76,8,0,1
BRDA:76,9,0,4
BRDA:76,9,1,1
BRDA:81,10,0,0
BRDA:92,11,0,1
BRDA:101,12,0,1
BRDA:110,13,0,0
BRDA:119,14,0,0
BRDA:123,15,0,0
BRDA:128,16,0,0
BRDA:145,17,0,0
BRDA:145,18,0,7
BRDA:145,18,1,7
BRDA:148,19,0,0
BRDA:148,20,0,7
BRDA:148,20,1,7
BRDA:151,21,0,0
BRDA:151,22,0,7
BRDA:151,22,1,7
BRDA:154,23,0,1
BRDA:154,24,0,7
BRDA:154,24,1,3
BRDA:160,25,0,0
BRDA:160,26,0,5
BRDA:160,26,1,5
BRDA:163,27,0,0
BRDA:163,28,0,5
BRDA:163,28,1,5
BRDA:166,29,0,0
BRF:37
BRH:20
end_of_record
TN:
SF:src/domain/services/rfc-service.ts
FN:12,(anonymous_0)
FN:14,(anonymous_1)
FN:32,(anonymous_2)
FN:49,(anonymous_3)
FN:66,(anonymous_4)
FN:70,(anonymous_5)
FN:74,(anonymous_6)
FN:78,(anonymous_7)
FN:105,(anonymous_8)
FN:113,(anonymous_9)
FN:128,(anonymous_10)
FNF:11
FNH:10
FNDA:32,(anonymous_0)
FNDA:29,(anonymous_1)
FNDA:7,(anonymous_2)
FNDA:3,(anonymous_3)
FNDA:1,(anonymous_4)
FNDA:0,(anonymous_5)
FNDA:3,(anonymous_6)
FNDA:4,(anonymous_7)
FNDA:5,(anonymous_8)
FNDA:29,(anonymous_9)
FNDA:3,(anonymous_10)
DA:1,1
DA:2,1
DA:11,1
DA:12,32
DA:15,29
DA:17,27
DA:29,27
DA:33,7
DA:34,7
DA:35,1
DA:38,6
DA:46,6
DA:50,3
DA:51,3
DA:52,0
DA:55,3
DA:57,2
DA:63,2
DA:67,1
DA:71,0
DA:75,3
DA:79,4
DA:80,4
DA:81,1
DA:84,3
DA:85,3
DA:86,1
DA:89,2
DA:90,2
DA:91,1
DA:93,1
DA:94,1
DA:95,1
DA:102,2
DA:106,5
DA:107,5
DA:108,0
DA:110,5
DA:114,29
DA:115,1
DA:117,28
DA:118,1
DA:120,27
DA:121,0
DA:123,27
DA:124,0
DA:129,3
DA:137,3
DA:138,3
DA:139,1
LF:50
LH:45
BRDA:34,0,0,1
BRDA:51,1,0,0
BRDA:80,2,0,1
BRDA:85,3,0,1
BRDA:90,4,0,1
BRDA:90,4,1,1
BRDA:94,5,0,1
BRDA:107,6,0,0
BRDA:114,7,0,1
BRDA:114,8,0,29
BRDA:114,8,1,28
BRDA:117,9,0,1
BRDA:117,10,0,28
BRDA:117,10,1,27
BRDA:120,11,0,0
BRDA:120,12,0,27
BRDA:120,12,1,27
BRDA:123,13,0,0
BRDA:123,14,0,27
BRDA:123,14,1,27
BRDA:138,15,0,1
BRF:21
BRH:17
end_of_record
TN:
SF:src/domain/storage/in-memory.ts
FN:21,(anonymous_0)
FN:29,(anonymous_1)
FN:31,(anonymous_2)
FN:41,(anonymous_3)
FN:49,(anonymous_4)
FN:53,(anonymous_5)
FN:55,(anonymous_6)
FN:58,(anonymous_7)
FN:63,(anonymous_8)
FN:66,(anonymous_9)
FN:69,(anonymous_10)
FN:72,(anonymous_11)
FN:75,(anonymous_12)
FN:88,(anonymous_13)
FN:104,(anonymous_14)
FN:109,(anonymous_15)
FN:113,(anonymous_16)
FN:116,(anonymous_17)
FN:117,(anonymous_18)
FN:120,(anonymous_19)
FN:123,(anonymous_20)
FN:126,(anonymous_21)
FN:129,(anonymous_22)
FN:130,(anonymous_23)
FN:131,(anonymous_24)
FN:134,(anonymous_25)
FN:138,(anonymous_26)
FN:166,(anonymous_27)
FN:176,(anonymous_28)
FN:181,(anonymous_29)
FN:185,(anonymous_30)
FN:188,(anonymous_31)
FN:189,(anonymous_32)
FN:190,(anonymous_33)
FN:193,(anonymous_34)
FN:195,(anonymous_35)
FN:202,(anonymous_36)
FN:207,(anonymous_37)
FN:211,(anonymous_38)
FN:222,(anonymous_39)
FNF:40
FNH:34
FNDA:27,(anonymous_0)
FNDA:8,(anonymous_1)
FNDA:10,(anonymous_2)
FNDA:6,(anonymous_3)
FNDA:41,(anonymous_4)
FNDA:0,(anonymous_5)
FNDA:0,(anonymous_6)
FNDA:3,(anonymous_7)
FNDA:0,(anonymous_8)
FNDA:3,(anonymous_9)
FNDA:3,(anonymous_10)
FNDA:0,(anonymous_11)
FNDA:0,(anonymous_12)
FNDA:16,(anonymous_13)
FNDA:3,(anonymous_14)
FNDA:12,(anonymous_15)
FNDA:3,(anonymous_16)
FNDA:7,(anonymous_17)
FNDA:7,(anonymous_18)
FNDA:4,(anonymous_19)
FNDA:2,(anonymous_20)
FNDA:3,(anonymous_21)
FNDA:2,(anonymous_22)
FNDA:2,(anonymous_23)
FNDA:1,(anonymous_24)
FNDA:1,(anonymous_25)
FNDA:3,(anonymous_26)
FNDA:5,(anonymous_27)
FNDA:3,(anonymous_28)
FNDA:9,(anonymous_29)
FNDA:6,(anonymous_30)
FNDA:1,(anonymous_31)
FNDA:1,(anonymous_32)
FNDA:0,(anonymous_33)
FNDA:6,(anonymous_34)
FNDA:1,(anonymous_35)
FNDA:100,(anonymous_36)
FNDA:29,(anonymous_37)
FNDA:1,(anonymous_38)
FNDA:32,(anonymous_39)
DA:18,32
DA:19,32
DA:22,27
DA:23,27
DA:24,27
DA:25,27
DA:26,27
DA:30,8
DA:31,10
DA:33,8
DA:34,4
DA:36,4
DA:39,8
DA:41,8
DA:42,6
DA:44,8
DA:46,8
DA:50,41
DA:54,0
DA:55,0
DA:59,3
DA:61,3
DA:62,2
DA:63,0
DA:65,2
DA:66,3
DA:68,2
DA:69,3
DA:71,2
DA:72,0
DA:74,2
DA:75,0
DA:79,3
DA:84,32
DA:85,32
DA:86,32
DA:89,16
DA:91,16
DA:92,16
DA:93,16
DA:95,16
DA:96,3
DA:97,3
DA:98,3
DA:101,16
DA:105,3
DA:106,3
DA:110,12
DA:114,3
DA:115,3
DA:116,7
DA:117,7
DA:119,3
DA:120,4
DA:123,3
DA:127,3
DA:128,3
DA:129,2
DA:130,2
DA:131,1
DA:135,1
DA:136,1
DA:138,1
DA:139,3
DA:140,3
DA:142,3
DA:143,3
DA:145,3
DA:146,0
DA:149,3
DA:151,3
DA:152,3
DA:153,2
DA:157,1
DA:158,1
DA:163,32
DA:164,32
DA:167,5
DA:169,5
DA:170,5
DA:171,5
DA:173,5
DA:177,3
DA:178,3
DA:182,9
DA:186,6
DA:187,6
DA:188,1
DA:189,1
DA:190,0
DA:194,6
DA:195,6
DA:200,32
DA:203,100
DA:204,100
DA:208,29
DA:212,1
DA:216,1
DA:223,32
DA:224,32
DA:225,32
DA:226,32
LF:102
LH:95
BRDA:22,0,0,27
BRDA:22,0,1,27
BRDA:30,1,0,8
BRDA:30,1,1,0
BRDA:33,2,0,4
BRDA:33,2,1,4
BRDA:42,3,0,6
BRDA:42,3,1,0
BRDA:50,4,0,41
BRDA:50,4,1,2
BRDA:54,5,0,0
BRDA:54,5,1,0
BRDA:55,6,0,0
BRDA:55,6,1,0
BRDA:61,7,0,2
BRDA:62,8,0,0
BRDA:65,9,0,1
BRDA:68,10,0,1
BRDA:71,11,0,0
BRDA:74,12,0,0
BRDA:91,13,0,16
BRDA:91,13,1,8
BRDA:95,14,0,3
BRDA:96,15,0,3
BRDA:96,15,1,2
BRDA:110,16,0,12
BRDA:110,16,1,2
BRDA:114,17,0,3
BRDA:114,17,1,0
BRDA:119,18,0,2
BRDA:127,19,0,3
BRDA:127,19,1,2
BRDA:139,20,0,0
BRDA:143,21,0,0
BRDA:145,22,0,0
BRDA:145,23,0,3
BRDA:145,23,1,2
BRDA:169,24,0,5
BRDA:169,24,1,5
BRDA:182,25,0,9
BRDA:182,25,1,2
BRDA:186,26,0,6
BRDA:186,26,1,5
BRDA:195,27,0,6
BRDA:195,27,1,5
BRDA:208,28,0,29
BRDA:208,28,1,1
BRF:47
BRH:34
end_of_record
